Unity Editor version:    2022.3.20f1 (61c2feb0970d)
Branch:                  2022.3/release
Build type:              Release
Batch mode:              YES
System name:             Linux
Distro version:          #21~22.04.1-Ubuntu SMP PREEMPT_DYNAMIC Fri Feb  9 13:32:52 UTC 2
Kernel version:          6.5.0-21-generic
Architecture:            x86_64
Available memory:        15885 MB
Using pre-set license
Pro License: YES
Desktop is 4920 x 1920 @ 60 Hz
Initialize udev device monitor.

COMMAND LINE ARGUMENTS:
Unity
-adb2
-batchMode
-noUpm
-name
AssetImportWorker21
-projectPath
/home/ben/Dauntless-Runner
-logFile
Logs/AssetImportWorker21.log
-srvPort
33669
Successfully changed project path to: /home/ben/Dauntless-Runner
/home/ben/Dauntless-Runner
[UnityMemory] Configuration Parameters - Can be set up in boot.config
    "memorysetup-bucket-allocator-granularity=16"
    "memorysetup-bucket-allocator-bucket-count=8"
    "memorysetup-bucket-allocator-block-size=33554432"
    "memorysetup-bucket-allocator-block-count=8"
    "memorysetup-main-allocator-block-size=16777216"
    "memorysetup-thread-allocator-block-size=16777216"
    "memorysetup-gfx-main-allocator-block-size=16777216"
    "memorysetup-gfx-thread-allocator-block-size=16777216"
    "memorysetup-cache-allocator-block-size=4194304"
    "memorysetup-typetree-allocator-block-size=2097152"
    "memorysetup-profiler-bucket-allocator-granularity=16"
    "memorysetup-profiler-bucket-allocator-bucket-count=8"
    "memorysetup-profiler-bucket-allocator-block-size=33554432"
    "memorysetup-profiler-bucket-allocator-block-count=8"
    "memorysetup-profiler-allocator-block-size=16777216"
    "memorysetup-profiler-editor-allocator-block-size=1048576"
    "memorysetup-temp-allocator-size-main=16777216"
    "memorysetup-job-temp-allocator-block-size=2097152"
    "memorysetup-job-temp-allocator-block-size-background=1048576"
    "memorysetup-job-temp-allocator-reduction-small-platforms=262144"
    "memorysetup-allocator-temp-initial-block-size-main=262144"
    "memorysetup-allocator-temp-initial-block-size-worker=262144"
    "memorysetup-temp-allocator-size-background-worker=32768"
    "memorysetup-temp-allocator-size-job-worker=262144"
    "memorysetup-temp-allocator-size-preload-manager=33554432"
    "memorysetup-temp-allocator-size-nav-mesh-worker=65536"
    "memorysetup-temp-allocator-size-audio-worker=65536"
    "memorysetup-temp-allocator-size-cloud-worker=32768"
    "memorysetup-temp-allocator-size-gi-baking-worker=262144"
    "memorysetup-temp-allocator-size-gfx=262144"
Player connection [139736589157312] Host "[IP] 192.168.1.79 [Port] 0 [Flags] 2 [Guid] 3237563965 [EditorId] 3237563965 [Version] 1048832 [Id] LinuxEditor(16,192.168.1.79) [Debug] 1 [PackageName] LinuxEditor [ProjectName] Editor" joined multi-casting on [225.0.0.222:54997]...

Player connection [139736589157312] Host "[IP] 192.168.1.79 [Port] 0 [Flags] 2 [Guid] 3237563965 [EditorId] 3237563965 [Version] 1048832 [Id] LinuxEditor(16,192.168.1.79) [Debug] 1 [PackageName] LinuxEditor [ProjectName] Editor" joined alternative multi-casting on [225.0.0.222:34997]...

[Physics::Module] Initialized MultithreadedJobDispatcher with 11 workers.
Refreshing native plugins compatible for Editor in 2.04 ms, found 1 plugins.
Preloading 0 native plugins for Editor in 0.00 ms.
Initialize engine version: 2022.3.20f1 (61c2feb0970d)
[Subsystems] Discovering subsystems at path /home/ben/Unity/Hub/Editor/2022.3.20f1/Editor/Data/Resources/UnitySubsystems
[Subsystems] Discovering subsystems at path /home/ben/Dauntless-Runner/Assets
GLX Extensions: GLX_ARB_context_flush_control GLX_ARB_create_context GLX_ARB_create_context_no_error GLX_ARB_create_context_profile GLX_ARB_create_context_robustness GLX_ARB_fbconfig_float GLX_ARB_framebuffer_sRGB GLX_ARB_get_proc_address GLX_ARB_multisample GLX_EXT_buffer_age GLX_EXT_create_context_es2_profile GLX_EXT_create_context_es_profile GLX_EXT_fbconfig_packed_float GLX_EXT_framebuffer_sRGB GLX_EXT_no_config_context GLX_EXT_swap_control GLX_EXT_swap_control_tear GLX_EXT_texture_from_pixmap GLX_EXT_visual_info GLX_EXT_visual_rating GLX_INTEL_swap_event GLX_MESA_copy_sub_buffer GLX_MESA_query_renderer GLX_MESA_swap_control GLX_OML_swap_method GLX_OML_sync_control GLX_SGIS_multisample GLX_SGIX_fbconfig GLX_SGIX_pbuffer GLX_SGIX_visual_select_group GLX_SGI_make_current_read GLX_SGI_swap_control GLX_SGI_video_sync 
Renderer: AMD Radeon RX 5500 XT (navi14, LLVM 15.0.7, DRM 3.54, 6.5.0-21-generic)
Vendor:   AMD
Version:  4.6 (Core Profile) Mesa 23.2.1-1ubuntu3.1~22.04.2
GLES:     0
 GL_AMD_conservative_depth GL_AMD_depth_clamp_separate GL_AMD_draw_buffers_blend GL_AMD_framebuffer_multisample_advanced GL_AMD_gpu_shader_int64 GL_AMD_multi_draw_indirect GL_AMD_performance_monitor GL_AMD_pinned_memory GL_AMD_query_buffer_object GL_AMD_seamless_cubemap_per_texture GL_AMD_shader_stencil_export GL_AMD_shader_trinary_minmax GL_AMD_texture_texture4 GL_AMD_vertex_shader_layer GL_AMD_vertex_shader_viewport_index GL_ANGLE_texture_compression_dxt3 GL_ANGLE_texture_compression_dxt5 GL_ARB_ES2_compatibility GL_ARB_ES3_1_compatibility GL_ARB_ES3_2_compatibility GL_ARB_ES3_compatibility GL_ARB_arrays_of_arrays GL_ARB_base_instance GL_ARB_bindless_texture GL_ARB_blend_func_extended GL_ARB_buffer_storage GL_ARB_clear_buffer_object GL_ARB_clear_texture GL_ARB_clip_control GL_ARB_color_buffer_float GL_ARB_compressed_texture_pixel_storage GL_ARB_compute_shader GL_ARB_compute_variable_group_size GL_ARB_conditional_render_inverted GL_ARB_conservative_depth GL_ARB_copy_buffer GL_ARB_copy_image GL_ARB_cull_dist
ance GL_ARB_debug_output GL_ARB_depth_buffer_float GL_ARB_depth_clamp GL_ARB_derivative_control GL_ARB_direct_state_access GL_ARB_draw_buffers GL_ARB_draw_buffers_blend GL_ARB_draw_elements_base_vertex GL_ARB_draw_indirect GL_ARB_draw_instanced GL_ARB_enhanced_layouts GL_ARB_explicit_attrib_location GL_ARB_explicit_uniform_location GL_ARB_fragment_coord_conventions GL_ARB_fragment_layer_viewport GL_ARB_fragment_shader GL_ARB_framebuffer_no_attachments GL_ARB_framebuffer_object GL_ARB_framebuffer_sRGB GL_ARB_get_program_binary GL_ARB_get_texture_sub_image GL_ARB_gl_spirv GL_ARB_gpu_shader5 GL_ARB_gpu_shader_fp64 GL_ARB_gpu_shader_int64 GL_ARB_half_float_pixel GL_ARB_half_float_vertex GL_ARB_indirect_parameters GL_ARB_instanced_arrays GL_ARB_internalformat_query GL_ARB_internalformat_query2 GL_ARB_invalidate_subdata GL_ARB_map_buffer_alignment GL_ARB_map_buffer_range GL_ARB_multi_bind GL_ARB_multi_draw_indirect GL_ARB_occlusion_query2 GL_ARB_parallel_shader_compile GL_ARB_pipeline_statistics_query GL_ARB_pixel
_buffer_object GL_ARB_point_sprite GL_ARB_polygon_offset_clamp GL_ARB_post_depth_coverage GL_ARB_program_interface_query GL_ARB_provoking_vertex GL_ARB_query_buffer_object GL_ARB_robust_buffer_access_behavior GL_ARB_robustness GL_ARB_sample_shading GL_ARB_sampler_objects GL_ARB_seamless_cube_map GL_ARB_seamless_cubemap_per_texture GL_ARB_separate_shader_objects GL_ARB_shader_atomic_counter_ops GL_ARB_shader_atomic_counters GL_ARB_shader_ballot GL_ARB_shader_bit_encoding GL_ARB_shader_clock GL_ARB_shader_draw_parameters GL_ARB_shader_group_vote GL_ARB_shader_image_load_store GL_ARB_shader_image_size GL_ARB_shader_objects GL_ARB_shader_precision GL_ARB_shader_stencil_export GL_ARB_shader_storage_buffer_object GL_ARB_shader_subroutine GL_ARB_shader_texture_image_samples GL_ARB_shader_texture_lod GL_ARB_shader_viewport_layer_array GL_ARB_shading_language_420pack GL_ARB_shading_language_include GL_ARB_shading_language_packing GL_ARB_sparse_buffer GL_ARB_sparse_texture GL_ARB_sparse_texture2 GL_ARB_sparse_texture_
clamp GL_ARB_spirv_extensions GL_ARB_stencil_texturing GL_ARB_sync GL_ARB_tessellation_shader GL_ARB_texture_barrier GL_ARB_texture_buffer_object GL_ARB_texture_buffer_object_rgb32 GL_ARB_texture_buffer_range GL_ARB_texture_compression_bptc GL_ARB_texture_compression_rgtc GL_ARB_texture_cube_map_array GL_ARB_texture_filter_anisotropic GL_ARB_texture_float GL_ARB_texture_gather GL_ARB_texture_mirror_clamp_to_edge GL_ARB_texture_multisample GL_ARB_texture_non_power_of_two GL_ARB_texture_query_levels GL_ARB_texture_query_lod GL_ARB_texture_rectangle GL_ARB_texture_rg GL_ARB_texture_rgb10_a2ui GL_ARB_texture_stencil8 GL_ARB_texture_storage GL_ARB_texture_storage_multisample GL_ARB_texture_swizzle GL_ARB_texture_view GL_ARB_timer_query GL_ARB_transform_feedback2 GL_ARB_transform_feedback3 GL_ARB_transform_feedback_instanced GL_ARB_transform_feedback_overflow_query GL_ARB_uniform_buffer_object GL_ARB_vertex_array_bgra GL_ARB_vertex_array_object GL_ARB_vertex_attrib_64bit GL_ARB_vertex_attrib_binding GL_ARB_vertex_
buffer_object GL_ARB_vertex_shader GL_ARB_vertex_type_10f_11f_11f_rev GL_ARB_vertex_type_2_10_10_10_rev GL_ARB_viewport_array GL_ATI_blend_equation_separate GL_ATI_meminfo GL_ATI_texture_float GL_ATI_texture_mirror_once GL_EXT_EGL_image_storage GL_EXT_EGL_sync GL_EXT_abgr GL_EXT_blend_equation_separate GL_EXT_debug_label GL_EXT_demote_to_helper_invocation GL_EXT_depth_bounds_test GL_EXT_draw_buffers2 GL_EXT_draw_instanced GL_EXT_framebuffer_blit GL_EXT_framebuffer_multisample GL_EXT_framebuffer_multisample_blit_scaled GL_EXT_framebuffer_object GL_EXT_framebuffer_sRGB GL_EXT_memory_object GL_EXT_memory_object_fd GL_EXT_packed_depth_stencil GL_EXT_packed_float GL_EXT_pixel_buffer_object GL_EXT_polygon_offset_clamp GL_EXT_provoking_vertex GL_EXT_semaphore GL_EXT_semaphore_fd GL_EXT_shader_image_load_formatted GL_EXT_shader_image_load_store GL_EXT_shader_integer_mix GL_EXT_shader_samples_identical GL_EXT_texture_array GL_EXT_texture_compression_dxt1 GL_EXT_texture_compression_rgtc GL_EXT_texture_compression_s3tc
 GL_EXT_texture_filter_anisotropic GL_EXT_texture_integer GL_EXT_texture_mirror_clamp GL_EXT_texture_sRGB GL_EXT_texture_sRGB_R8 GL_EXT_texture_sRGB_RG8 GL_EXT_texture_sRGB_decode GL_EXT_texture_shadow_lod GL_EXT_texture_shared_exponent GL_EXT_texture_snorm GL_EXT_texture_swizzle GL_EXT_timer_query GL_EXT_transform_feedback GL_EXT_vertex_array_bgra GL_EXT_vertex_attrib_64bit GL_EXT_window_rectangles GL_IBM_multimode_draw_arrays GL_INTEL_blackhole_render GL_KHR_blend_equation_advanced GL_KHR_context_flush_control GL_KHR_debug GL_KHR_no_error GL_KHR_parallel_shader_compile GL_KHR_robust_buffer_access_behavior GL_KHR_robustness GL_KHR_texture_compression_astc_ldr GL_KHR_texture_compression_astc_sliced_3d GL_MESA_framebuffer_flip_y GL_MESA_pack_invert GL_MESA_shader_integer_functions GL_MESA_texture_signed_rgba GL_NVX_gpu_memory_info GL_NV_alpha_to_coverage_dither_control GL_NV_compute_shader_derivatives GL_NV_conditional_render GL_NV_copy_image GL_NV_depth_clamp GL_NV_packed_depth_stencil GL_NV_shader_atomic_in
t64 GL_NV_texture_barrier GL_NV_vdpau_interop GL_OES_EGL_image GL_S3_s3tc
OPENGL LOG: Creating OpenGL 4.6 graphics device ; Context level  <OpenGL 4.5> ; Context handle -88472016
Initialize mono
Mono path[0] = '/home/ben/Unity/Hub/Editor/2022.3.20f1/Editor/Data/Managed'
Mono path[1] = '/home/ben/Unity/Hub/Editor/2022.3.20f1/Editor/Data/MonoBleedingEdge/lib/mono/unityjit-linux'
Mono config path = '/home/ben/Unity/Hub/Editor/2022.3.20f1/Editor/Data/MonoBleedingEdge/etc'
Using monoOptions --debugger-agent=transport=dt_socket,embedding=1,server=y,suspend=n,address=127.0.0.1:56470
Begin MonoManager ReloadAssembly
Registering precompiled unity dll's ...
Register platform support module: /home/ben/Unity/Hub/Editor/2022.3.20f1/Editor/Data/PlaybackEngines/WebGLSupport/UnityEditor.WebGL.Extensions.dll
Register platform support module: /home/ben/Unity/Hub/Editor/2022.3.20f1/Editor/Data/PlaybackEngines/LinuxStandaloneSupport/UnityEditor.LinuxStandalone.Extensions.dll
Registered in 0.009008 seconds.
- Loaded All Assemblies, in  0.268 seconds
Native extension for LinuxStandalone target not found
Native extension for WebGL target not found
Mono: successfully reloaded assembly
- Finished resetting the current domain, in  0.220 seconds
Domain Reload Profiling: 487ms
	BeginReloadAssembly (66ms)
		ExecutionOrderSort (0ms)
		DisableScriptedObjects (0ms)
		BackupInstance (0ms)
		ReleaseScriptingObjects (0ms)
		CreateAndSetChildDomain (1ms)
	RebuildCommonClasses (30ms)
	RebuildNativeTypeToScriptingClass (6ms)
	initialDomainReloadingComplete (52ms)
	LoadAllAssembliesAndSetupDomain (112ms)
		LoadAssemblies (66ms)
		RebuildTransferFunctionScriptingTraits (0ms)
		AnalyzeDomain (111ms)
			TypeCache.Refresh (110ms)
				TypeCache.ScanAssembly (99ms)
			ScanForSourceGeneratedMonoScriptInfo (0ms)
			ResolveRequiredComponents (0ms)
	FinalizeReload (220ms)
		ReleaseScriptCaches (0ms)
		RebuildScriptCaches (0ms)
		SetupLoadedEditorAssemblies (171ms)
			LogAssemblyErrors (0ms)
			InitializePlatformSupportModulesInManaged (9ms)
			SetLoadedEditorAssemblies (4ms)
			RefreshPlugins (0ms)
			BeforeProcessingInitializeOnLoad (1ms)
			ProcessInitializeOnLoadAttributes (117ms)
			ProcessInitializeOnLoadMethodAttributes (39ms)
			AfterProcessingInitializeOnLoad (0ms)
			EditorAssembliesLoaded (0ms)
		ExecutionOrderSort2 (0ms)
		AwakeInstancesAfterBackupRestoration (0ms)
========================================================================
Worker process is ready to serve import requests
Begin MonoManager ReloadAssembly
- Loaded All Assemblies, in  0.368 seconds
Refreshing native plugins compatible for Editor in 0.87 ms, found 1 plugins.
Native extension for LinuxStandalone target not found
Native extension for WebGL target not found
Package Manager log level set to [2]
[Package Manager] Server::EnsureServerProcessIsRunning -- launch failed, reason: Unity was launched with the -noUpm command-line argument
[Package Manager] UpmClient::Send -- Unable to send message (not connected to UPM process).
[Package Manager] Cannot connect to Unity Package Manager local server
Mono: successfully reloaded assembly
- Finished resetting the current domain, in  0.618 seconds
Domain Reload Profiling: 985ms
	BeginReloadAssembly (93ms)
		ExecutionOrderSort (0ms)
		DisableScriptedObjects (4ms)
		BackupInstance (0ms)
		ReleaseScriptingObjects (0ms)
		CreateAndSetChildDomain (15ms)
	RebuildCommonClasses (27ms)
	RebuildNativeTypeToScriptingClass (6ms)
	initialDomainReloadingComplete (33ms)
	LoadAllAssembliesAndSetupDomain (210ms)
		LoadAssemblies (181ms)
		RebuildTransferFunctionScriptingTraits (0ms)
		AnalyzeDomain (77ms)
			TypeCache.Refresh (65ms)
				TypeCache.ScanAssembly (56ms)
			ScanForSourceGeneratedMonoScriptInfo (9ms)
			ResolveRequiredComponents (2ms)
	FinalizeReload (618ms)
		ReleaseScriptCaches (0ms)
		RebuildScriptCaches (0ms)
		SetupLoadedEditorAssemblies (500ms)
			LogAssemblyErrors (0ms)
			InitializePlatformSupportModulesInManaged (6ms)
			SetLoadedEditorAssemblies (2ms)
			RefreshPlugins (0ms)
			BeforeProcessingInitializeOnLoad (39ms)
			ProcessInitializeOnLoadAttributes (418ms)
			ProcessInitializeOnLoadMethodAttributes (28ms)
			AfterProcessingInitializeOnLoad (6ms)
			EditorAssembliesLoaded (0ms)
		ExecutionOrderSort2 (0ms)
		AwakeInstancesAfterBackupRestoration (3ms)
Launched and connected shader compiler UnityShaderCompiler after 0.01 seconds
Refreshing native plugins compatible for Editor in 0.87 ms, found 1 plugins.
Preloading 0 native plugins for Editor in 0.00 ms.
Unloading 2296 Unused Serialized files (Serialized files now loaded: 0)
Unloading 67 unused Assets / (1.4 MB). Loaded Objects now: 2780.
Memory consumption went from 141.8 MB to 140.4 MB.
Total: 3.926891 ms (FindLiveObjects: 0.141510 ms CreateObjectMapping: 0.058820 ms MarkObjects: 3.119841 ms  DeleteObjects: 0.606050 ms)

AssetImportParameters requested are different than current active one (requested -> active):
  custom:video-decoder-webm-vp8: 9c59270c3fd7afecdb556c50c9e8de78 -> 
  custom:SearchIndexIgnoredProperties: e643bd26f0fe6173181afceb89e7c659 -> 
  custom:container-demuxer-ogg: 62fdf1f143b41e24485cea50d1cbac27 -> 
  custom:AudioImporter_EditorPlatform: 2f0ff77a95e0ac474e3e8eeba4e2f7cb -> 
  custom:video-decoder-ogg-theora: a1e56fd34408186e4bbccfd4996cb3dc -> 
  custom:video-encoder-webm-vp8: eb34c28f22e8b96e1ab97ce403110664 -> 
  custom:audio-decoder-ogg-vorbis: bf7c407c2cedff20999df2af8eb42d56 -> 
  custom:CustomObjectIndexerAttribute: efbeaf2078ee4010e9a0b7bd6667f9dd -> 
  custom:container-demuxer-webm: 4f35f7cbe854078d1ac9338744f61a02 -> 
  custom:audio-encoder-webm-vorbis: bf7c407c2cedff20999df2af8eb42d56 -> 
  custom:container-muxer-webm: aa71ff27fc2769a1b78a27578f13a17b -> 
========================================================================
Received Import Request.
  Time since last request: 12544.186924 seconds.
  path: Assets/polyperfect/Low Poly Ultimate Pack/M/- Prefabs_M/Tiles_NB_M/tile-hill-valley-nb.prefab
  artifactKey: Guid(e97dc9df840403e4eb7ed833cb3d0bbd) Importer(815301076,1909f56bfc062723c751e8b465ee728b)
Start importing Assets/polyperfect/Low Poly Ultimate Pack/M/- Prefabs_M/Tiles_NB_M/tile-hill-valley-nb.prefab using Guid(e97dc9df840403e4eb7ed833cb3d0bbd) Importer(815301076,1909f56bfc062723c751e8b465ee728b)  -> (artifact id: '758f4afa14fd7aed4521d3433ea1b149') in 0.088257 seconds
Number of updated asset objects reloaded before import = 0
Number of asset objects unloaded after import = 9
========================================================================
Received Import Request.
  Time since last request: 0.000015 seconds.
  path: Assets/polyperfect/Low Poly Ultimate Pack/M/- Prefabs_M/Tiles_M/Roads_M/tile-mainroad-intersection.prefab
  artifactKey: Guid(1c2c97d44483d40bb944f369f60436c2) Importer(815301076,1909f56bfc062723c751e8b465ee728b)
Start importing Assets/polyperfect/Low Poly Ultimate Pack/M/- Prefabs_M/Tiles_M/Roads_M/tile-mainroad-intersection.prefab using Guid(1c2c97d44483d40bb944f369f60436c2) Importer(815301076,1909f56bfc062723c751e8b465ee728b)  -> (artifact id: '6295aa33d9c5b4ee15c5f1c9b2e969ee') in 0.005122 seconds
Number of updated asset objects reloaded before import = 0
Number of asset objects unloaded after import = 13
========================================================================
Received Import Request.
  Time since last request: 0.020930 seconds.
  path: Assets/polyperfect/Low Poly Ultimate Pack/M/- Meshes_M/Tiles_M/Roads_M/tile-mainroad-road-intersection.fbx
  artifactKey: Guid(56445f09185f50c448e06f457201edc9) Importer(815301076,1909f56bfc062723c751e8b465ee728b)
Start importing Assets/polyperfect/Low Poly Ultimate Pack/M/- Meshes_M/Tiles_M/Roads_M/tile-mainroad-road-intersection.fbx using Guid(56445f09185f50c448e06f457201edc9) Importer(815301076,1909f56bfc062723c751e8b465ee728b)  -> (artifact id: '47d7b2f4be4c45acaf55a7d9610d7e6c') in 0.022450 seconds
Number of updated asset objects reloaded before import = 0
Number of asset objects unloaded after import = 7
========================================================================
Received Import Request.
  Time since last request: 0.008623 seconds.
  path: Assets/polyperfect/Low Poly Ultimate Pack/M/- Prefabs_M/Tiles_NB_M/tile-mainroad-straight-crosswalk-nb.prefab
  artifactKey: Guid(7d2875075175b8346afbcd22e2ce3a0d) Importer(815301076,1909f56bfc062723c751e8b465ee728b)
Start importing Assets/polyperfect/Low Poly Ultimate Pack/M/- Prefabs_M/Tiles_NB_M/tile-mainroad-straight-crosswalk-nb.prefab using Guid(7d2875075175b8346afbcd22e2ce3a0d) Importer(815301076,1909f56bfc062723c751e8b465ee728b)  -> (artifact id: '0cb23fc2d6888ba1bc07b0fd755a4acd') in 0.005490 seconds
Number of updated asset objects reloaded before import = 0
Number of asset objects unloaded after import = 13
========================================================================
Received Import Request.
  Time since last request: 0.000012 seconds.
  path: Assets/polyperfect/Low Poly Ultimate Pack/M/- Meshes_M/Tiles_M/Tunnel_M/tile-mainroad-tunnel-curve.fbx
  artifactKey: Guid(796cd739e5835aa42902293dac19ee04) Importer(815301076,1909f56bfc062723c751e8b465ee728b)
Start importing Assets/polyperfect/Low Poly Ultimate Pack/M/- Meshes_M/Tiles_M/Tunnel_M/tile-mainroad-tunnel-curve.fbx using Guid(796cd739e5835aa42902293dac19ee04) Importer(815301076,1909f56bfc062723c751e8b465ee728b)  -> (artifact id: 'ee152c4224dc7f939e9eb622d807494a') in 0.006845 seconds
Number of updated asset objects reloaded before import = 0
Number of asset objects unloaded after import = 9
========================================================================
Received Import Request.
  Time since last request: 0.311893 seconds.
  path: Assets/polyperfect/Low Poly Ultimate Pack/M/- Prefabs_M/Tiles_M/Tunnels_M/tile-mainroad-tunnel-entrance.prefab
  artifactKey: Guid(1e443ded9a21f4e0c9fc3ed8bf7fda81) Importer(815301076,1909f56bfc062723c751e8b465ee728b)
Start importing Assets/polyperfect/Low Poly Ultimate Pack/M/- Prefabs_M/Tiles_M/Tunnels_M/tile-mainroad-tunnel-entrance.prefab using Guid(1e443ded9a21f4e0c9fc3ed8bf7fda81) Importer(815301076,1909f56bfc062723c751e8b465ee728b)  -> (artifact id: '09a62634b22c931260095feee78af069') in 0.005007 seconds
Number of updated asset objects reloaded before import = 0
Number of asset objects unloaded after import = 14
========================================================================
Received Import Request.
  Time since last request: 0.000012 seconds.
  path: Assets/polyperfect/Low Poly Ultimate Pack/M/- Meshes_M/Tiles-NB_M/tile-park-nb.fbx
  artifactKey: Guid(de558658860989b41a25e8d8deb0e1a3) Importer(815301076,1909f56bfc062723c751e8b465ee728b)
Start importing Assets/polyperfect/Low Poly Ultimate Pack/M/- Meshes_M/Tiles-NB_M/tile-park-nb.fbx using Guid(de558658860989b41a25e8d8deb0e1a3) Importer(815301076,1909f56bfc062723c751e8b465ee728b)  -> (artifact id: 'babcc855e3df69f1a1495bf1706c0390') in 0.005300 seconds
Number of updated asset objects reloaded before import = 0
Number of asset objects unloaded after import = 7
========================================================================
Received Import Request.
  Time since last request: 0.055113 seconds.
  path: Assets/polyperfect/Low Poly Ultimate Pack/M/- Meshes_M/Tiles_M/tile-plain-hump.fbx
  artifactKey: Guid(88b7c9a9da46ba54a9714f66237c6e89) Importer(815301076,1909f56bfc062723c751e8b465ee728b)
Start importing Assets/polyperfect/Low Poly Ultimate Pack/M/- Meshes_M/Tiles_M/tile-plain-hump.fbx using Guid(88b7c9a9da46ba54a9714f66237c6e89) Importer(815301076,1909f56bfc062723c751e8b465ee728b)  -> (artifact id: 'e2140771943b395ffc3df773eca31b1b') in 0.005921 seconds
Number of updated asset objects reloaded before import = 0
Number of asset objects unloaded after import = 7
========================================================================
Received Import Request.
  Time since last request: 0.000007 seconds.
  path: Assets/polyperfect/Low Poly Ultimate Pack/M/- Prefabs_M/Tiles_NB_M/tile-race-track-bridge-nb.prefab
  artifactKey: Guid(0a65908cc688e354aa36add4582dce1c) Importer(815301076,1909f56bfc062723c751e8b465ee728b)
Start importing Assets/polyperfect/Low Poly Ultimate Pack/M/- Prefabs_M/Tiles_NB_M/tile-race-track-bridge-nb.prefab using Guid(0a65908cc688e354aa36add4582dce1c) Importer(815301076,1909f56bfc062723c751e8b465ee728b)  -> (artifact id: 'c756b2fb97405cb8504aaee5baf6d21e') in 0.005059 seconds
Number of updated asset objects reloaded before import = 0
Number of asset objects unloaded after import = 15
========================================================================
Received Import Request.
  Time since last request: 0.015517 seconds.
  path: Assets/polyperfect/Low Poly Ultimate Pack/M/- Meshes_M/Tiles-NB_M/tile-race-track-bridge-nb.fbx
  artifactKey: Guid(71026252f2ff4a844aaf5eb9fa4fc6da) Importer(815301076,1909f56bfc062723c751e8b465ee728b)
Start importing Assets/polyperfect/Low Poly Ultimate Pack/M/- Meshes_M/Tiles-NB_M/tile-race-track-bridge-nb.fbx using Guid(71026252f2ff4a844aaf5eb9fa4fc6da) Importer(815301076,1909f56bfc062723c751e8b465ee728b)  -> (artifact id: '4fe7ebf9ef0f9e6f40dda2ae9e8507f0') in 0.005272 seconds
Number of updated asset objects reloaded before import = 0
Number of asset objects unloaded after import = 7
========================================================================
Received Import Request.
  Time since last request: 0.000026 seconds.
  path: Assets/polyperfect/Low Poly Ultimate Pack/M/- Prefabs_M/Tiles_NB_M/tile-race-track-cliff-curve-nb.prefab
  artifactKey: Guid(437dfcf296a05634b9ee096733351446) Importer(815301076,1909f56bfc062723c751e8b465ee728b)
Start importing Assets/polyperfect/Low Poly Ultimate Pack/M/- Prefabs_M/Tiles_NB_M/tile-race-track-cliff-curve-nb.prefab using Guid(437dfcf296a05634b9ee096733351446) Importer(815301076,1909f56bfc062723c751e8b465ee728b)  -> (artifact id: '84936a12d56ab992a3c2349925677352') in 0.004415 seconds
Number of updated asset objects reloaded before import = 0
Number of asset objects unloaded after import = 14
========================================================================
Received Import Request.
  Time since last request: 0.000013 seconds.
  path: Assets/polyperfect/Low Poly Ultimate Pack/M/- Meshes_M/Tiles_M/Race_M/tile-race-track-cliff-entrance.fbx
  artifactKey: Guid(cf9739d6af14f2e448516b3221443951) Importer(815301076,1909f56bfc062723c751e8b465ee728b)
Start importing Assets/polyperfect/Low Poly Ultimate Pack/M/- Meshes_M/Tiles_M/Race_M/tile-race-track-cliff-entrance.fbx using Guid(cf9739d6af14f2e448516b3221443951) Importer(815301076,1909f56bfc062723c751e8b465ee728b)  -> (artifact id: 'bb857acd9e1efc2a6d7d400c77906b72') in 0.005934 seconds
Number of updated asset objects reloaded before import = 0
Number of asset objects unloaded after import = 7
========================================================================
Received Import Request.
  Time since last request: 0.007671 seconds.
  path: Assets/polyperfect/Low Poly Ultimate Pack/M/- Meshes_M/Tiles-NB_M/tile-race-track-cliff-nb.fbx
  artifactKey: Guid(dfcb78df94f12b14faab99805dbd4f7e) Importer(815301076,1909f56bfc062723c751e8b465ee728b)
Start importing Assets/polyperfect/Low Poly Ultimate Pack/M/- Meshes_M/Tiles-NB_M/tile-race-track-cliff-nb.fbx using Guid(dfcb78df94f12b14faab99805dbd4f7e) Importer(815301076,1909f56bfc062723c751e8b465ee728b)  -> (artifact id: '2ca309dbf9facf2adf016480f62f7079') in 0.005124 seconds
Number of updated asset objects reloaded before import = 0
Number of asset objects unloaded after import = 7
========================================================================
Received Import Request.
  Time since last request: 0.000009 seconds.
  path: Assets/polyperfect/Low Poly Ultimate Pack/M/- Meshes_M/Tiles_M/Race_M/tile-race-track-curve.fbx
  artifactKey: Guid(a3ef84e8692a0bd4e90d12b88cdc41e7) Importer(815301076,1909f56bfc062723c751e8b465ee728b)
Start importing Assets/polyperfect/Low Poly Ultimate Pack/M/- Meshes_M/Tiles_M/Race_M/tile-race-track-curve.fbx using Guid(a3ef84e8692a0bd4e90d12b88cdc41e7) Importer(815301076,1909f56bfc062723c751e8b465ee728b)  -> (artifact id: '453fc265eb990c4275f30c973e336954') in 0.009370 seconds
Number of updated asset objects reloaded before import = 0
Number of asset objects unloaded after import = 7
========================================================================
Received Import Request.
  Time since last request: 0.010090 seconds.
  path: Assets/polyperfect/Low Poly Ultimate Pack/M/- Meshes_M/Tiles_M/Race_M/tile-race-track-hill.fbx
  artifactKey: Guid(c44a3c9c147fe8c4fbc86f98ac988c49) Importer(815301076,1909f56bfc062723c751e8b465ee728b)
Start importing Assets/polyperfect/Low Poly Ultimate Pack/M/- Meshes_M/Tiles_M/Race_M/tile-race-track-hill.fbx using Guid(c44a3c9c147fe8c4fbc86f98ac988c49) Importer(815301076,1909f56bfc062723c751e8b465ee728b)  -> (artifact id: '7104be0cae5c01bb2de770b3ed08b64c') in 0.006542 seconds
Number of updated asset objects reloaded before import = 0
Number of asset objects unloaded after import = 7
========================================================================
Received Import Request.
  Time since last request: 0.000008 seconds.
  path: Assets/polyperfect/Low Poly Ultimate Pack/M/- Prefabs_M/Tiles_M/Race_M/tile-race-track-sand-curve.prefab
  artifactKey: Guid(2671acc979debf547a33059c290391b8) Importer(815301076,1909f56bfc062723c751e8b465ee728b)
Start importing Assets/polyperfect/Low Poly Ultimate Pack/M/- Prefabs_M/Tiles_M/Race_M/tile-race-track-sand-curve.prefab using Guid(2671acc979debf547a33059c290391b8) Importer(815301076,1909f56bfc062723c751e8b465ee728b)  -> (artifact id: '031d0d265a39873459e4bbae3f1385d1') in 0.008795 seconds
Number of updated asset objects reloaded before import = 0
Number of asset objects unloaded after import = 17
========================================================================
Received Import Request.
  Time since last request: 0.253856 seconds.
  path: Assets/polyperfect/Low Poly Ultimate Pack/M/- Meshes_M/Tiles_M/Race_M/tile-race-track-start-grid.fbx
  artifactKey: Guid(47140c3dd44f66341b95de84fce15cc2) Importer(815301076,1909f56bfc062723c751e8b465ee728b)
Start importing Assets/polyperfect/Low Poly Ultimate Pack/M/- Meshes_M/Tiles_M/Race_M/tile-race-track-start-grid.fbx using Guid(47140c3dd44f66341b95de84fce15cc2) Importer(815301076,1909f56bfc062723c751e8b465ee728b)  -> (artifact id: '3aec3f32ad992ef1316f1274c29b9e97') in 0.006435 seconds
Number of updated asset objects reloaded before import = 0
Number of asset objects unloaded after import = 7
========================================================================
Received Import Request.
  Time since last request: 0.000010 seconds.
  path: Assets/polyperfect/Low Poly Ultimate Pack/M/- Prefabs_M/Tiles_NB_M/tile-race-track-start-line-nb.prefab
  artifactKey: Guid(2cd311abcadadab488102ada0a921edc) Importer(815301076,1909f56bfc062723c751e8b465ee728b)
Start importing Assets/polyperfect/Low Poly Ultimate Pack/M/- Prefabs_M/Tiles_NB_M/tile-race-track-start-line-nb.prefab using Guid(2cd311abcadadab488102ada0a921edc) Importer(815301076,1909f56bfc062723c751e8b465ee728b)  -> (artifact id: '7186daf06d87a20a4c48c944feb0aa88') in 0.004502 seconds
Number of updated asset objects reloaded before import = 0
Number of asset objects unloaded after import = 12
========================================================================
Received Import Request.
  Time since last request: 0.037610 seconds.
  path: Assets/polyperfect/Low Poly Ultimate Pack/M/- Prefabs_M/Tiles_M/Race_M/tile-race-track-straight-curbs.prefab
  artifactKey: Guid(60d4f09786f3ad745925da4363951093) Importer(815301076,1909f56bfc062723c751e8b465ee728b)
Start importing Assets/polyperfect/Low Poly Ultimate Pack/M/- Prefabs_M/Tiles_M/Race_M/tile-race-track-straight-curbs.prefab using Guid(60d4f09786f3ad745925da4363951093) Importer(815301076,1909f56bfc062723c751e8b465ee728b)  -> (artifact id: 'e0ecb56f318e2bf3f806cc9709b75425') in 0.005401 seconds
Number of updated asset objects reloaded before import = 0
Number of asset objects unloaded after import = 14
========================================================================
Received Import Request.
  Time since last request: 0.000014 seconds.
  path: Assets/polyperfect/Low Poly Ultimate Pack/M/- Meshes_M/Tiles_M/Race_M/tile-race-track-straight-curbs-sand-cut.fbx
  artifactKey: Guid(2e47c94929ac309458a0def1cd794dff) Importer(815301076,1909f56bfc062723c751e8b465ee728b)
Start importing Assets/polyperfect/Low Poly Ultimate Pack/M/- Meshes_M/Tiles_M/Race_M/tile-race-track-straight-curbs-sand-cut.fbx using Guid(2e47c94929ac309458a0def1cd794dff) Importer(815301076,1909f56bfc062723c751e8b465ee728b)  -> (artifact id: '52f9428a539dbb3e98e4c1ad93863b3c') in 0.005728 seconds
Number of updated asset objects reloaded before import = 0
Number of asset objects unloaded after import = 7
========================================================================
Received Import Request.
  Time since last request: 0.000033 seconds.
  path: Assets/polyperfect/Low Poly Ultimate Pack/M/- Meshes_M/Tiles-NB_M/tile-rail-conjunction-nb.fbx
  artifactKey: Guid(60fddaee2c93f0c49be837d595f552e4) Importer(815301076,1909f56bfc062723c751e8b465ee728b)
Start importing Assets/polyperfect/Low Poly Ultimate Pack/M/- Meshes_M/Tiles-NB_M/tile-rail-conjunction-nb.fbx using Guid(60fddaee2c93f0c49be837d595f552e4) Importer(815301076,1909f56bfc062723c751e8b465ee728b)  -> (artifact id: '0eda7723d2493dc560f45069e9f293ab') in 0.004979 seconds
Number of updated asset objects reloaded before import = 0
Number of asset objects unloaded after import = 7
========================================================================
Received Import Request.
  Time since last request: 0.000009 seconds.
  path: Assets/polyperfect/Low Poly Ultimate Pack/M/- Prefabs_M/Tiles_M/Rails_M/tile-rail-curve.prefab
  artifactKey: Guid(09fe31fc1ee1440b2b9d6d695a74bed9) Importer(815301076,1909f56bfc062723c751e8b465ee728b)
Start importing Assets/polyperfect/Low Poly Ultimate Pack/M/- Prefabs_M/Tiles_M/Rails_M/tile-rail-curve.prefab using Guid(09fe31fc1ee1440b2b9d6d695a74bed9) Importer(815301076,1909f56bfc062723c751e8b465ee728b)  -> (artifact id: 'a77cae2a2fe3fb2079e2bfb2b4dd39f2') in 0.003977 seconds
Number of updated asset objects reloaded before import = 0
Number of asset objects unloaded after import = 14
========================================================================
Received Import Request.
  Time since last request: 0.000010 seconds.
  path: Assets/polyperfect/Low Poly Ultimate Pack/M/- Meshes_M/Tiles-NB_M/tile-race-track-straight-nb.fbx
  artifactKey: Guid(1bc1c3d77f116414abf11f5e678b067e) Importer(815301076,1909f56bfc062723c751e8b465ee728b)
Start importing Assets/polyperfect/Low Poly Ultimate Pack/M/- Meshes_M/Tiles-NB_M/tile-race-track-straight-nb.fbx using Guid(1bc1c3d77f116414abf11f5e678b067e) Importer(815301076,1909f56bfc062723c751e8b465ee728b)  -> (artifact id: '5367e275eda68ab10b9c38007c42c5cf') in 0.005734 seconds
Number of updated asset objects reloaded before import = 0
Number of asset objects unloaded after import = 7
========================================================================
Received Import Request.
  Time since last request: 0.010001 seconds.
  path: Assets/polyperfect/Low Poly Ultimate Pack/M/- Prefabs_M/Tiles_NB_M/tile-rail-curve-double-nb.prefab
  artifactKey: Guid(2d05116fa176aa340a7447cf91ae1a97) Importer(815301076,1909f56bfc062723c751e8b465ee728b)
Start importing Assets/polyperfect/Low Poly Ultimate Pack/M/- Prefabs_M/Tiles_NB_M/tile-rail-curve-double-nb.prefab using Guid(2d05116fa176aa340a7447cf91ae1a97) Importer(815301076,1909f56bfc062723c751e8b465ee728b)  -> (artifact id: '4991affbaeed9e173c8fdefdb2612132') in 0.004115 seconds
Number of updated asset objects reloaded before import = 0
Number of asset objects unloaded after import = 13
========================================================================
Received Import Request.
  Time since last request: 0.000011 seconds.
  path: Assets/polyperfect/Low Poly Ultimate Pack/M/- Meshes_M/Tiles_M/Tunnel_M/tile-rail-hill-tunnel-entrance.fbx
  artifactKey: Guid(84daf4aedd589e14b8dbb912ee24cb0f) Importer(815301076,1909f56bfc062723c751e8b465ee728b)
Start importing Assets/polyperfect/Low Poly Ultimate Pack/M/- Meshes_M/Tiles_M/Tunnel_M/tile-rail-hill-tunnel-entrance.fbx using Guid(84daf4aedd589e14b8dbb912ee24cb0f) Importer(815301076,1909f56bfc062723c751e8b465ee728b)  -> (artifact id: '66bf0093f88c90143563ca766ba41fb6') in 0.006320 seconds
Number of updated asset objects reloaded before import = 0
Number of asset objects unloaded after import = 7
========================================================================
Received Import Request.
  Time since last request: 0.262341 seconds.
  path: Assets/polyperfect/Low Poly Ultimate Pack/M/- Meshes_M/Tiles_M/Rails_M/tile-rail-intersection.fbx
  artifactKey: Guid(e683670d876ad4cf29c2d115f2de06f5) Importer(815301076,1909f56bfc062723c751e8b465ee728b)
Start importing Assets/polyperfect/Low Poly Ultimate Pack/M/- Meshes_M/Tiles_M/Rails_M/tile-rail-intersection.fbx using Guid(e683670d876ad4cf29c2d115f2de06f5) Importer(815301076,1909f56bfc062723c751e8b465ee728b)  -> (artifact id: '8dab11039f71a1608e9385318262070a') in 0.006624 seconds
Number of updated asset objects reloaded before import = 0
Number of asset objects unloaded after import = 7
========================================================================
Received Import Request.
  Time since last request: 0.000007 seconds.
  path: Assets/polyperfect/Low Poly Ultimate Pack/M/- Prefabs_M/Tiles_M/Rails_M/tile-rail-road-crossing.prefab
  artifactKey: Guid(b2541bb4da3aa48948430c773496c390) Importer(815301076,1909f56bfc062723c751e8b465ee728b)
Start importing Assets/polyperfect/Low Poly Ultimate Pack/M/- Prefabs_M/Tiles_M/Rails_M/tile-rail-road-crossing.prefab using Guid(b2541bb4da3aa48948430c773496c390) Importer(815301076,1909f56bfc062723c751e8b465ee728b)  -> (artifact id: 'b1e7378478660364ba7b5dabd93d66f7') in 0.005018 seconds
Number of updated asset objects reloaded before import = 0
Number of asset objects unloaded after import = 14
========================================================================
Received Import Request.
  Time since last request: 0.035100 seconds.
  path: Assets/polyperfect/Low Poly Ultimate Pack/M/- Meshes_M/Tiles_M/Rails_M/tile-rail-straight.fbx
  artifactKey: Guid(1a919dadbfdd34f839fb20cc6f9d8611) Importer(815301076,1909f56bfc062723c751e8b465ee728b)
Start importing Assets/polyperfect/Low Poly Ultimate Pack/M/- Meshes_M/Tiles_M/Rails_M/tile-rail-straight.fbx using Guid(1a919dadbfdd34f839fb20cc6f9d8611) Importer(815301076,1909f56bfc062723c751e8b465ee728b)  -> (artifact id: 'd39729b79396361638a36571bbf44db0') in 0.006257 seconds
Number of updated asset objects reloaded before import = 0
Number of asset objects unloaded after import = 7
========================================================================
Received Import Request.
  Time since last request: 0.000011 seconds.
  path: Assets/polyperfect/Low Poly Ultimate Pack/M/- Meshes_M/Tiles-NB_M/tile-rail-straight-nb.fbx
  artifactKey: Guid(3d68ae72db8d58f4ea9e2783cf92e4e0) Importer(815301076,1909f56bfc062723c751e8b465ee728b)
Start importing Assets/polyperfect/Low Poly Ultimate Pack/M/- Meshes_M/Tiles-NB_M/tile-rail-straight-nb.fbx using Guid(3d68ae72db8d58f4ea9e2783cf92e4e0) Importer(815301076,1909f56bfc062723c751e8b465ee728b)  -> (artifact id: 'fc289561d31a49bd5256f3ff0694f3b1') in 0.007671 seconds
Number of updated asset objects reloaded before import = 0
Number of asset objects unloaded after import = 7
========================================================================
Received Import Request.
  Time since last request: 0.010162 seconds.
  path: Assets/polyperfect/Low Poly Ultimate Pack/M/- Prefabs_M/Tiles_M/Tunnels_M/tile-rail-tunnel-curve.prefab
  artifactKey: Guid(d4842ce2554921147aacdeb2bdcd1abd) Importer(815301076,1909f56bfc062723c751e8b465ee728b)
Start importing Assets/polyperfect/Low Poly Ultimate Pack/M/- Prefabs_M/Tiles_M/Tunnels_M/tile-rail-tunnel-curve.prefab using Guid(d4842ce2554921147aacdeb2bdcd1abd) Importer(815301076,1909f56bfc062723c751e8b465ee728b)  -> (artifact id: '4210b37321fb0786ecb0f20b1a85536d') in 0.005479 seconds
Number of updated asset objects reloaded before import = 0
Number of asset objects unloaded after import = 13
========================================================================
Received Import Request.
  Time since last request: 0.000014 seconds.
  path: Assets/polyperfect/Low Poly Ultimate Pack/M/- Prefabs_M/Tiles_M/Tunnels_M/tile-rail-tunnel-double.prefab
  artifactKey: Guid(4ce58f648c4953c439513b40b7b7de5a) Importer(815301076,1909f56bfc062723c751e8b465ee728b)
Start importing Assets/polyperfect/Low Poly Ultimate Pack/M/- Prefabs_M/Tiles_M/Tunnels_M/tile-rail-tunnel-double.prefab using Guid(4ce58f648c4953c439513b40b7b7de5a) Importer(815301076,1909f56bfc062723c751e8b465ee728b)  -> (artifact id: '9225181eb9ae933b33bbe1c519e10294') in 0.005545 seconds
Number of updated asset objects reloaded before import = 0
Number of asset objects unloaded after import = 13
========================================================================
Received Import Request.
  Time since last request: 0.013871 seconds.
  path: Assets/polyperfect/Low Poly Ultimate Pack/M/- Prefabs_M/Tiles_M/Tunnels_M/tile-rail-tunnel-entrance.prefab
  artifactKey: Guid(f7ef3b5df6d504d4ba582564052f41c0) Importer(815301076,1909f56bfc062723c751e8b465ee728b)
Start importing Assets/polyperfect/Low Poly Ultimate Pack/M/- Prefabs_M/Tiles_M/Tunnels_M/tile-rail-tunnel-entrance.prefab using Guid(f7ef3b5df6d504d4ba582564052f41c0) Importer(815301076,1909f56bfc062723c751e8b465ee728b)  -> (artifact id: '7dc2c7e762b0bd3e0d49fb02cef6f966') in 0.004876 seconds
Number of updated asset objects reloaded before import = 0
Number of asset objects unloaded after import = 13
========================================================================
Received Import Request.
  Time since last request: 0.000015 seconds.
  path: Assets/polyperfect/Low Poly Ultimate Pack/M/- Meshes_M/Tiles_M/tile-river-basin.fbx
  artifactKey: Guid(9b9224329ba4b654eace0c5e637ab4a1) Importer(815301076,1909f56bfc062723c751e8b465ee728b)
Start importing Assets/polyperfect/Low Poly Ultimate Pack/M/- Meshes_M/Tiles_M/tile-river-basin.fbx using Guid(9b9224329ba4b654eace0c5e637ab4a1) Importer(815301076,1909f56bfc062723c751e8b465ee728b)  -> (artifact id: 'e3f0e71dc36ae626427a1ff8d01309ff') in 0.005264 seconds
Number of updated asset objects reloaded before import = 0
Number of asset objects unloaded after import = 7
========================================================================
Received Import Request.
  Time since last request: 0.015818 seconds.
  path: Assets/polyperfect/Low Poly Ultimate Pack/M/- Prefabs_M/Tiles_M/tile-river-basin.prefab
  artifactKey: Guid(9a4c56abc89d14646a5dec97f299c2e4) Importer(815301076,1909f56bfc062723c751e8b465ee728b)
Start importing Assets/polyperfect/Low Poly Ultimate Pack/M/- Prefabs_M/Tiles_M/tile-river-basin.prefab using Guid(9a4c56abc89d14646a5dec97f299c2e4) Importer(815301076,1909f56bfc062723c751e8b465ee728b)  -> (artifact id: '5b65dc3cbedd6b7ac118e1043e795d6e') in 0.003725 seconds
Number of updated asset objects reloaded before import = 0
Number of asset objects unloaded after import = 10
========================================================================
Received Import Request.
  Time since last request: 0.000011 seconds.
  path: Assets/polyperfect/Low Poly Ultimate Pack/M/- Meshes_M/Tiles-NB_M/tile-river-basin-nb.fbx
  artifactKey: Guid(f4083ea05a5d88244af75bf81d098f09) Importer(815301076,1909f56bfc062723c751e8b465ee728b)
Start importing Assets/polyperfect/Low Poly Ultimate Pack/M/- Meshes_M/Tiles-NB_M/tile-river-basin-nb.fbx using Guid(f4083ea05a5d88244af75bf81d098f09) Importer(815301076,1909f56bfc062723c751e8b465ee728b)  -> (artifact id: '5b04f5cb53a7e0671c2e208ab93f313a') in 0.005863 seconds
Number of updated asset objects reloaded before import = 0
Number of asset objects unloaded after import = 7
========================================================================
Received Import Request.
  Time since last request: 1.181913 seconds.
  path: Assets/polyperfect/Low Poly Ultimate Pack/M/- Prefabs_M/Tiles_M/Roads_M/tile-road-end.prefab
  artifactKey: Guid(0cbdf8c9dc0a249499a5f8206e4bc432) Importer(815301076,1909f56bfc062723c751e8b465ee728b)
Start importing Assets/polyperfect/Low Poly Ultimate Pack/M/- Prefabs_M/Tiles_M/Roads_M/tile-road-end.prefab using Guid(0cbdf8c9dc0a249499a5f8206e4bc432) Importer(815301076,1909f56bfc062723c751e8b465ee728b)  -> (artifact id: 'dd21fce316d8114e74f76fedc82c44f1') in 0.005473 seconds
Number of updated asset objects reloaded before import = 0
Number of asset objects unloaded after import = 12
========================================================================
Received Import Request.
  Time since last request: 0.000014 seconds.
  path: Assets/polyperfect/Low Poly Ultimate Pack/M/- Prefabs_M/Tiles_M/Roads_M/tile-road-intersection.prefab
  artifactKey: Guid(4f9dbdfd598574eec9cdb681d5424bc5) Importer(815301076,1909f56bfc062723c751e8b465ee728b)
Start importing Assets/polyperfect/Low Poly Ultimate Pack/M/- Prefabs_M/Tiles_M/Roads_M/tile-road-intersection.prefab using Guid(4f9dbdfd598574eec9cdb681d5424bc5) Importer(815301076,1909f56bfc062723c751e8b465ee728b)  -> (artifact id: '1e7f733e8ad0dfab618da64bf715d328') in 0.005457 seconds
Number of updated asset objects reloaded before import = 0
Number of asset objects unloaded after import = 13
========================================================================
Received Import Request.
  Time since last request: 0.037137 seconds.
  path: Assets/polyperfect/Low Poly Ultimate Pack/M/- Prefabs_M/Tiles_NB_M/tile-road-intersection-nb.prefab
  artifactKey: Guid(bed3fa607f708464e98dbb63a35901b3) Importer(815301076,1909f56bfc062723c751e8b465ee728b)
Start importing Assets/polyperfect/Low Poly Ultimate Pack/M/- Prefabs_M/Tiles_NB_M/tile-road-intersection-nb.prefab using Guid(bed3fa607f708464e98dbb63a35901b3) Importer(815301076,1909f56bfc062723c751e8b465ee728b)  -> (artifact id: '005e7fd6384519c1f12a0927aade006b') in 0.005428 seconds
Number of updated asset objects reloaded before import = 0
Number of asset objects unloaded after import = 12
========================================================================
Received Import Request.
  Time since last request: 0.000013 seconds.
  path: Assets/polyperfect/Low Poly Ultimate Pack/M/- Prefabs_M/Tiles_M/Roads_M/tile-road-mainroad-intersection-t.prefab
  artifactKey: Guid(f81870c72f74c449fa83b5a59612dd11) Importer(815301076,1909f56bfc062723c751e8b465ee728b)
Start importing Assets/polyperfect/Low Poly Ultimate Pack/M/- Prefabs_M/Tiles_M/Roads_M/tile-road-mainroad-intersection-t.prefab using Guid(f81870c72f74c449fa83b5a59612dd11) Importer(815301076,1909f56bfc062723c751e8b465ee728b)  -> (artifact id: 'bdda687c3b6b4f0041790eee1ffdc85e') in 0.005210 seconds
Number of updated asset objects reloaded before import = 0
Number of asset objects unloaded after import = 14
========================================================================
Received Import Request.
  Time since last request: 0.000011 seconds.
  path: Assets/polyperfect/Low Poly Ultimate Pack/M/- Prefabs_M/Tiles_M/Roads_M/tile-road-straight.prefab
  artifactKey: Guid(e1304517d24a34d348e58d276929bd24) Importer(815301076,1909f56bfc062723c751e8b465ee728b)
Start importing Assets/polyperfect/Low Poly Ultimate Pack/M/- Prefabs_M/Tiles_M/Roads_M/tile-road-straight.prefab using Guid(e1304517d24a34d348e58d276929bd24) Importer(815301076,1909f56bfc062723c751e8b465ee728b)  -> (artifact id: '5f4bc7a295ea9b38974216bee336c8dc') in 0.005022 seconds
Number of updated asset objects reloaded before import = 0
Number of asset objects unloaded after import = 12
========================================================================
Received Import Request.
  Time since last request: 0.000014 seconds.
  path: Assets/polyperfect/Low Poly Ultimate Pack/M/- Prefabs_M/Tiles_NB_M/tile-road-straight-nb.prefab
  artifactKey: Guid(4af2433676b3c4846be29ea3590ec0ed) Importer(815301076,1909f56bfc062723c751e8b465ee728b)
Start importing Assets/polyperfect/Low Poly Ultimate Pack/M/- Prefabs_M/Tiles_NB_M/tile-road-straight-nb.prefab using Guid(4af2433676b3c4846be29ea3590ec0ed) Importer(815301076,1909f56bfc062723c751e8b465ee728b)  -> (artifact id: 'af91ecc4afbebffd1bf93a0cd57eb132') in 0.003741 seconds
Number of updated asset objects reloaded before import = 0
Number of asset objects unloaded after import = 11
========================================================================
Received Import Request.
  Time since last request: 0.000013 seconds.
  path: Assets/polyperfect/Low Poly Ultimate Pack/M/- Prefabs_M/Tiles_NB_M/tile-road-mainroad-intersection-nb.prefab
  artifactKey: Guid(303d9c4e5bcc5ba41aeca3953b98c00a) Importer(815301076,1909f56bfc062723c751e8b465ee728b)
Start importing Assets/polyperfect/Low Poly Ultimate Pack/M/- Prefabs_M/Tiles_NB_M/tile-road-mainroad-intersection-nb.prefab using Guid(303d9c4e5bcc5ba41aeca3953b98c00a) Importer(815301076,1909f56bfc062723c751e8b465ee728b)  -> (artifact id: '3587fa91adfc3e124d6843018cbe3b18') in 0.004231 seconds
Number of updated asset objects reloaded before import = 0
Number of asset objects unloaded after import = 13
========================================================================
Received Import Request.
  Time since last request: 0.027945 seconds.
  path: Assets/polyperfect/Low Poly Ultimate Pack/M/- Meshes_M/Tiles_M/Roads_M/tile-road-to-mainroad.fbx
  artifactKey: Guid(966d958b26938ae45b8bd1b3dd2a9aaf) Importer(815301076,1909f56bfc062723c751e8b465ee728b)
Start importing Assets/polyperfect/Low Poly Ultimate Pack/M/- Meshes_M/Tiles_M/Roads_M/tile-road-to-mainroad.fbx using Guid(966d958b26938ae45b8bd1b3dd2a9aaf) Importer(815301076,1909f56bfc062723c751e8b465ee728b)  -> (artifact id: '74f6cbacbf46d55e821fa1db108c8e2d') in 0.005712 seconds
Number of updated asset objects reloaded before import = 0
Number of asset objects unloaded after import = 7
========================================================================
Received Import Request.
  Time since last request: 0.000014 seconds.
  path: Assets/polyperfect/Low Poly Ultimate Pack/M/- Prefabs_M/Tiles_NB_M/tile-road-to-mainroad-nb.prefab
  artifactKey: Guid(7e7fc533c5ba9e846b72f1fed891582f) Importer(815301076,1909f56bfc062723c751e8b465ee728b)
Start importing Assets/polyperfect/Low Poly Ultimate Pack/M/- Prefabs_M/Tiles_NB_M/tile-road-to-mainroad-nb.prefab using Guid(7e7fc533c5ba9e846b72f1fed891582f) Importer(815301076,1909f56bfc062723c751e8b465ee728b)  -> (artifact id: '2d211877c27ff0609ab1d73c8809808f') in 0.004619 seconds
Number of updated asset objects reloaded before import = 0
Number of asset objects unloaded after import = 13
========================================================================
Received Import Request.
  Time since last request: 0.000018 seconds.
  path: Assets/polyperfect/Low Poly Ultimate Pack/M/- Prefabs_M/Tiles_M/Tunnels_M/tile-road-tunnel-curve.prefab
  artifactKey: Guid(26418ffc18fd9224599014d6fb874d8b) Importer(815301076,1909f56bfc062723c751e8b465ee728b)
Start importing Assets/polyperfect/Low Poly Ultimate Pack/M/- Prefabs_M/Tiles_M/Tunnels_M/tile-road-tunnel-curve.prefab using Guid(26418ffc18fd9224599014d6fb874d8b) Importer(815301076,1909f56bfc062723c751e8b465ee728b)  -> (artifact id: 'bdc08a4154819dadd4f308cdb5f2c851') in 0.004193 seconds
Number of updated asset objects reloaded before import = 0
Number of asset objects unloaded after import = 13
========================================================================
Received Import Request.
  Time since last request: 0.247900 seconds.
  path: Assets/polyperfect/Low Poly Ultimate Pack/M/- Prefabs_M/Tiles_NB_M/tile-road-tunnel-curve-nb.prefab
  artifactKey: Guid(325f9f9f2f6f65949b731d769238bde7) Importer(815301076,1909f56bfc062723c751e8b465ee728b)
Start importing Assets/polyperfect/Low Poly Ultimate Pack/M/- Prefabs_M/Tiles_NB_M/tile-road-tunnel-curve-nb.prefab using Guid(325f9f9f2f6f65949b731d769238bde7) Importer(815301076,1909f56bfc062723c751e8b465ee728b)  -> (artifact id: '08ee7b4a853b6dc9c1ab438afa5e66b2') in 0.004453 seconds
Number of updated asset objects reloaded before import = 0
Number of asset objects unloaded after import = 12
========================================================================
Received Import Request.
  Time since last request: 0.000013 seconds.
  path: Assets/polyperfect/Low Poly Ultimate Pack/M/- Prefabs_M/Tiles_NB_M/tile-road-tunnel-nb.prefab
  artifactKey: Guid(3475dd8c024396d449ea2b7bdcb96ec2) Importer(815301076,1909f56bfc062723c751e8b465ee728b)
Start importing Assets/polyperfect/Low Poly Ultimate Pack/M/- Prefabs_M/Tiles_NB_M/tile-road-tunnel-nb.prefab using Guid(3475dd8c024396d449ea2b7bdcb96ec2) Importer(815301076,1909f56bfc062723c751e8b465ee728b)  -> (artifact id: '48535091cb663648998e65c8a7e68d76') in 0.004380 seconds
Number of updated asset objects reloaded before import = 0
Number of asset objects unloaded after import = 12
========================================================================
Received Import Request.
  Time since last request: 0.000011 seconds.
  path: Assets/polyperfect/Low Poly Ultimate Pack/M/- Meshes_M/Tiles-NB_M/tile-road-tunnel-entrance-nb.fbx
  artifactKey: Guid(4b26c7ae01349384a8b412084f29de21) Importer(815301076,1909f56bfc062723c751e8b465ee728b)
Start importing Assets/polyperfect/Low Poly Ultimate Pack/M/- Meshes_M/Tiles-NB_M/tile-road-tunnel-entrance-nb.fbx using Guid(4b26c7ae01349384a8b412084f29de21) Importer(815301076,1909f56bfc062723c751e8b465ee728b)  -> (artifact id: 'c2df1faff8186f7e560c63b1d177b081') in 0.005479 seconds
Number of updated asset objects reloaded before import = 0
Number of asset objects unloaded after import = 7
========================================================================
Received Import Request.
  Time since last request: 0.033552 seconds.
  path: Assets/polyperfect/Low Poly Ultimate Pack/M/- Meshes_M/Tiles-NB_M/tile-roads-mainroad-intersection-nb.fbx
  artifactKey: Guid(75d87c3423ced304cb11193fa668101a) Importer(815301076,1909f56bfc062723c751e8b465ee728b)
Start importing Assets/polyperfect/Low Poly Ultimate Pack/M/- Meshes_M/Tiles-NB_M/tile-roads-mainroad-intersection-nb.fbx using Guid(75d87c3423ced304cb11193fa668101a) Importer(815301076,1909f56bfc062723c751e8b465ee728b)  -> (artifact id: '34632df317acd897698efa9ad4ebdeb6') in 0.005998 seconds
Number of updated asset objects reloaded before import = 0
Number of asset objects unloaded after import = 7
========================================================================
Received Import Request.
  Time since last request: 0.000009 seconds.
  path: Assets/polyperfect/Low Poly Ultimate Pack/M/- Meshes_M/Tiles_M/Runway_M/tile-runway-intersection-t.fbx
  artifactKey: Guid(e0590a869f713fb49853ef1db72e4eab) Importer(815301076,1909f56bfc062723c751e8b465ee728b)
Start importing Assets/polyperfect/Low Poly Ultimate Pack/M/- Meshes_M/Tiles_M/Runway_M/tile-runway-intersection-t.fbx using Guid(e0590a869f713fb49853ef1db72e4eab) Importer(815301076,1909f56bfc062723c751e8b465ee728b)  -> (artifact id: '4fcdba1294e099537395c626ed73fcea') in 0.005810 seconds
Number of updated asset objects reloaded before import = 0
Number of asset objects unloaded after import = 7
========================================================================
Received Import Request.
  Time since last request: 0.000009 seconds.
  path: Assets/polyperfect/Low Poly Ultimate Pack/M/- Prefabs_M/Tiles_NB_M/tile-runway-main-straight-nb.prefab
  artifactKey: Guid(21ea244f15335a942a8d7aedc3d9a71a) Importer(815301076,1909f56bfc062723c751e8b465ee728b)
Start importing Assets/polyperfect/Low Poly Ultimate Pack/M/- Prefabs_M/Tiles_NB_M/tile-runway-main-straight-nb.prefab using Guid(21ea244f15335a942a8d7aedc3d9a71a) Importer(815301076,1909f56bfc062723c751e8b465ee728b)  -> (artifact id: '0ebc61c69895598ffe71da98c8ff6d41') in 0.003984 seconds
Number of updated asset objects reloaded before import = 0
Number of asset objects unloaded after import = 10
========================================================================
Received Import Request.
  Time since last request: 0.000011 seconds.
  path: Assets/polyperfect/Low Poly Ultimate Pack/M/- Prefabs_M/Tiles_NB_M/tile-runway-straight-nb.prefab
  artifactKey: Guid(8dda26433186404449e557d5604a42ed) Importer(815301076,1909f56bfc062723c751e8b465ee728b)
Start importing Assets/polyperfect/Low Poly Ultimate Pack/M/- Prefabs_M/Tiles_NB_M/tile-runway-straight-nb.prefab using Guid(8dda26433186404449e557d5604a42ed) Importer(815301076,1909f56bfc062723c751e8b465ee728b)  -> (artifact id: '1c765d859c54f6801b8fda4d7035061c') in 0.004303 seconds
Number of updated asset objects reloaded before import = 0
Number of asset objects unloaded after import = 11
========================================================================
Received Import Request.
  Time since last request: 0.000013 seconds.
  path: Assets/polyperfect/Low Poly Ultimate Pack/M/- Prefabs_M/Tiles_M/Runway_M/tile-runway-straight.prefab
  artifactKey: Guid(2525ca8bdb0476842b4dedf52ffd8090) Importer(815301076,1909f56bfc062723c751e8b465ee728b)
Start importing Assets/polyperfect/Low Poly Ultimate Pack/M/- Prefabs_M/Tiles_M/Runway_M/tile-runway-straight.prefab using Guid(2525ca8bdb0476842b4dedf52ffd8090) Importer(815301076,1909f56bfc062723c751e8b465ee728b)  -> (artifact id: '5604cb1dd2ea3b53fdba459ac22892bd') in 0.004900 seconds
Number of updated asset objects reloaded before import = 0
Number of asset objects unloaded after import = 13
========================================================================
Received Import Request.
  Time since last request: 0.030790 seconds.
  path: Assets/polyperfect/Low Poly Ultimate Pack/M/- Meshes_M/Tiles_M/Runway_M/tile-runway-turn.fbx
  artifactKey: Guid(c5e57d6a503c2894191acf67bd1e8925) Importer(815301076,1909f56bfc062723c751e8b465ee728b)
Start importing Assets/polyperfect/Low Poly Ultimate Pack/M/- Meshes_M/Tiles_M/Runway_M/tile-runway-turn.fbx using Guid(c5e57d6a503c2894191acf67bd1e8925) Importer(815301076,1909f56bfc062723c751e8b465ee728b)  -> (artifact id: '8e4170a3ba62cd87233fcbdd0296ff44') in 0.005728 seconds
Number of updated asset objects reloaded before import = 0
Number of asset objects unloaded after import = 7
========================================================================
Received Import Request.
  Time since last request: 0.000027 seconds.
  path: Assets/polyperfect/Low Poly Ultimate Pack/M/- Meshes_M/Tiles-NB_M/tile-sidewalk-end-nb.fbx
  artifactKey: Guid(5ccbb9350ba3dd840b546a4aec707c71) Importer(815301076,1909f56bfc062723c751e8b465ee728b)
Start importing Assets/polyperfect/Low Poly Ultimate Pack/M/- Meshes_M/Tiles-NB_M/tile-sidewalk-end-nb.fbx using Guid(5ccbb9350ba3dd840b546a4aec707c71) Importer(815301076,1909f56bfc062723c751e8b465ee728b)  -> (artifact id: '47a815304d09b25a023c823328674a23') in 0.005685 seconds
Number of updated asset objects reloaded before import = 0
Number of asset objects unloaded after import = 7
========================================================================
Received Import Request.
  Time since last request: 0.227197 seconds.
  path: Assets/polyperfect/Low Poly Ultimate Pack/M/- Meshes_M/Tiles_M/tile-sidewalk-hill.fbx
  artifactKey: Guid(40a129bcd1c1efc4caaa84dd732d3d8f) Importer(815301076,1909f56bfc062723c751e8b465ee728b)
Start importing Assets/polyperfect/Low Poly Ultimate Pack/M/- Meshes_M/Tiles_M/tile-sidewalk-hill.fbx using Guid(40a129bcd1c1efc4caaa84dd732d3d8f) Importer(815301076,1909f56bfc062723c751e8b465ee728b)  -> (artifact id: '26f7c3e9c27509bd121813db5b5f462d') in 0.006561 seconds
Number of updated asset objects reloaded before import = 0
Number of asset objects unloaded after import = 7
========================================================================
Received Import Request.
  Time since last request: 0.000010 seconds.
  path: Assets/polyperfect/Low Poly Ultimate Pack/M/- Prefabs_M/Tiles_NB_M/tile-sidewalk-intersection-t-nb.prefab
  artifactKey: Guid(de48eef2b5079ae479822d138e5630ba) Importer(815301076,1909f56bfc062723c751e8b465ee728b)
Start importing Assets/polyperfect/Low Poly Ultimate Pack/M/- Prefabs_M/Tiles_NB_M/tile-sidewalk-intersection-t-nb.prefab using Guid(de48eef2b5079ae479822d138e5630ba) Importer(815301076,1909f56bfc062723c751e8b465ee728b)  -> (artifact id: '37d2e9f9e9da1f9c272e87be6c155e74') in 0.004020 seconds
Number of updated asset objects reloaded before import = 0
Number of asset objects unloaded after import = 10
========================================================================
Received Import Request.
  Time since last request: 0.000010 seconds.
  path: Assets/polyperfect/Low Poly Ultimate Pack/M/- Prefabs_M/Tiles_M/tile-sidewalk-straight.prefab
  artifactKey: Guid(c79684de2cb835a49937431b9cf2e755) Importer(815301076,1909f56bfc062723c751e8b465ee728b)
Start importing Assets/polyperfect/Low Poly Ultimate Pack/M/- Prefabs_M/Tiles_M/tile-sidewalk-straight.prefab using Guid(c79684de2cb835a49937431b9cf2e755) Importer(815301076,1909f56bfc062723c751e8b465ee728b)  -> (artifact id: '79d0e8a2999087d8c6010a51d19321c5') in 0.003499 seconds
Number of updated asset objects reloaded before import = 0
Number of asset objects unloaded after import = 11
========================================================================
Received Import Request.
  Time since last request: 0.033217 seconds.
  path: Assets/polyperfect/Low Poly Ultimate Pack/M/- Prefabs_M/Tiles_NB_M/tile-sidewalk-straight-nb.prefab
  artifactKey: Guid(4dd00382a3ee9ea4f85f2e616307a4c0) Importer(815301076,1909f56bfc062723c751e8b465ee728b)
Start importing Assets/polyperfect/Low Poly Ultimate Pack/M/- Prefabs_M/Tiles_NB_M/tile-sidewalk-straight-nb.prefab using Guid(4dd00382a3ee9ea4f85f2e616307a4c0) Importer(815301076,1909f56bfc062723c751e8b465ee728b)  -> (artifact id: '8f4c7159b895a2f0fa8eaa550e310020') in 0.004444 seconds
Number of updated asset objects reloaded before import = 0
Number of asset objects unloaded after import = 10
========================================================================
Received Import Request.
  Time since last request: 0.000011 seconds.
  path: Assets/polyperfect/Low Poly Ultimate Pack/M/- Meshes_M/Props_M/timber.fbx
  artifactKey: Guid(3c052913b69d745b4baac3180e19fdda) Importer(815301076,1909f56bfc062723c751e8b465ee728b)
Start importing Assets/polyperfect/Low Poly Ultimate Pack/M/- Meshes_M/Props_M/timber.fbx using Guid(3c052913b69d745b4baac3180e19fdda) Importer(815301076,1909f56bfc062723c751e8b465ee728b)  -> (artifact id: 'df94761fe4e6454f408459cae7be84de') in 0.006679 seconds
Number of updated asset objects reloaded before import = 0
Number of asset objects unloaded after import = 7
========================================================================
Received Import Request.
  Time since last request: 0.015054 seconds.
  path: Assets/polyperfect/Low Poly Ultimate Pack/M/- Meshes_M/Racing_M/tire-pile.fbx
  artifactKey: Guid(65dc71560d9d59149887066398fa6048) Importer(815301076,1909f56bfc062723c751e8b465ee728b)
Start importing Assets/polyperfect/Low Poly Ultimate Pack/M/- Meshes_M/Racing_M/tire-pile.fbx using Guid(65dc71560d9d59149887066398fa6048) Importer(815301076,1909f56bfc062723c751e8b465ee728b)  -> (artifact id: 'f4ee07ecda066adb2acdd2ce5836bd2d') in 0.006136 seconds
Number of updated asset objects reloaded before import = 0
Number of asset objects unloaded after import = 7
========================================================================
Received Import Request.
  Time since last request: 0.000010 seconds.
  path: Assets/polyperfect/Low Poly Ultimate Pack/M/- Prefabs_M/Food_M/toast-marmelade.prefab
  artifactKey: Guid(e61e6625b7fd7464d9409aaafda2fc4a) Importer(815301076,1909f56bfc062723c751e8b465ee728b)
Start importing Assets/polyperfect/Low Poly Ultimate Pack/M/- Prefabs_M/Food_M/toast-marmelade.prefab using Guid(e61e6625b7fd7464d9409aaafda2fc4a) Importer(815301076,1909f56bfc062723c751e8b465ee728b)  -> (artifact id: '5e82396837ad0dea789445ac7ddaac7c') in 0.004426 seconds
Number of updated asset objects reloaded before import = 0
Number of asset objects unloaded after import = 11
========================================================================
Received Import Request.
  Time since last request: 0.033043 seconds.
  path: Assets/polyperfect/Low Poly Ultimate Pack/M/- Prefabs_M/Food_M/toast-piece.prefab
  artifactKey: Guid(20acedff8f94cd747818201f8ef3cdca) Importer(815301076,1909f56bfc062723c751e8b465ee728b)
Start importing Assets/polyperfect/Low Poly Ultimate Pack/M/- Prefabs_M/Food_M/toast-piece.prefab using Guid(20acedff8f94cd747818201f8ef3cdca) Importer(815301076,1909f56bfc062723c751e8b465ee728b)  -> (artifact id: 'd8aa6d3bc8cc1a925edbcde8cef419a6') in 0.004205 seconds
Number of updated asset objects reloaded before import = 0
Number of asset objects unloaded after import = 10
========================================================================
Received Import Request.
  Time since last request: 0.000011 seconds.
  path: Assets/polyperfect/Low Poly Ultimate Pack/M/- Meshes_M/Furniture_M/toddler-bed.fbx
  artifactKey: Guid(33937832a9a538a448b22061f7933271) Importer(815301076,1909f56bfc062723c751e8b465ee728b)
Start importing Assets/polyperfect/Low Poly Ultimate Pack/M/- Meshes_M/Furniture_M/toddler-bed.fbx using Guid(33937832a9a538a448b22061f7933271) Importer(815301076,1909f56bfc062723c751e8b465ee728b)  -> (artifact id: 'ca1cd366e82b755e9796850be879cce8') in 0.005149 seconds
Number of updated asset objects reloaded before import = 0
Number of asset objects unloaded after import = 7
========================================================================
Received Import Request.
  Time since last request: 0.238893 seconds.
  path: Assets/polyperfect/Low Poly Ultimate Pack/M/- Meshes_M/Furniture_M/toilet.fbx
  artifactKey: Guid(715f1e4f570af4da4b5f8cf5b365070d) Importer(815301076,1909f56bfc062723c751e8b465ee728b)
Start importing Assets/polyperfect/Low Poly Ultimate Pack/M/- Meshes_M/Furniture_M/toilet.fbx using Guid(715f1e4f570af4da4b5f8cf5b365070d) Importer(815301076,1909f56bfc062723c751e8b465ee728b)  -> (artifact id: '8a3c1c2174d886a86e0cc00d7d832237') in 0.006233 seconds
Number of updated asset objects reloaded before import = 0
Number of asset objects unloaded after import = 7
========================================================================
Received Import Request.
  Time since last request: 0.000009 seconds.
  path: Assets/polyperfect/Low Poly Ultimate Pack/M/- Meshes_M/Furniture_M/toilet-modern.fbx
  artifactKey: Guid(915ac7edfe533ff428cb2f7860bb95f0) Importer(815301076,1909f56bfc062723c751e8b465ee728b)
Start importing Assets/polyperfect/Low Poly Ultimate Pack/M/- Meshes_M/Furniture_M/toilet-modern.fbx using Guid(915ac7edfe533ff428cb2f7860bb95f0) Importer(815301076,1909f56bfc062723c751e8b465ee728b)  -> (artifact id: '6c66a9cf90bf5735ba05c2091693a859') in 0.006114 seconds
Number of updated asset objects reloaded before import = 0
Number of asset objects unloaded after import = 7
========================================================================
Received Import Request.
  Time since last request: 0.037234 seconds.
  path: Assets/polyperfect/Low Poly Ultimate Pack/M/- Meshes_M/Furniture_M/toothbrush.fbx
  artifactKey: Guid(7f98d00289f9fe9489e54d6dff6dd8c2) Importer(815301076,1909f56bfc062723c751e8b465ee728b)
Start importing Assets/polyperfect/Low Poly Ultimate Pack/M/- Meshes_M/Furniture_M/toothbrush.fbx using Guid(7f98d00289f9fe9489e54d6dff6dd8c2) Importer(815301076,1909f56bfc062723c751e8b465ee728b)  -> (artifact id: '086ec35b1c61d1288cec971d3fa8b5d4') in 0.006201 seconds
Number of updated asset objects reloaded before import = 0
Number of asset objects unloaded after import = 7
========================================================================
Received Import Request.
  Time since last request: 0.000022 seconds.
  path: Assets/polyperfect/Low Poly Ultimate Pack/M/- Meshes_M/Fantasy_M/torture-cage.fbx
  artifactKey: Guid(dc12c061b3478423a98aa4481604da53) Importer(815301076,1909f56bfc062723c751e8b465ee728b)
Start importing Assets/polyperfect/Low Poly Ultimate Pack/M/- Meshes_M/Fantasy_M/torture-cage.fbx using Guid(dc12c061b3478423a98aa4481604da53) Importer(815301076,1909f56bfc062723c751e8b465ee728b)  -> (artifact id: '00f0c50e7f0a1a9990266f5e5d7ba9f0') in 0.005645 seconds
Number of updated asset objects reloaded before import = 0
Number of asset objects unloaded after import = 7
========================================================================
Received Import Request.
  Time since last request: 0.013143 seconds.
  path: Assets/polyperfect/Low Poly Ultimate Pack/M/- Prefabs_M/Western_M/totem.prefab
  artifactKey: Guid(be9b2e01588664462a44d348c51d20b2) Importer(815301076,1909f56bfc062723c751e8b465ee728b)
Start importing Assets/polyperfect/Low Poly Ultimate Pack/M/- Prefabs_M/Western_M/totem.prefab using Guid(be9b2e01588664462a44d348c51d20b2) Importer(815301076,1909f56bfc062723c751e8b465ee728b)  -> (artifact id: '603e86178196e8f6c5eb66be238f4a8b') in 0.003248 seconds
Number of updated asset objects reloaded before import = 0
Number of asset objects unloaded after import = 9
========================================================================
Received Import Request.
  Time since last request: 0.000009 seconds.
  path: Assets/polyperfect/Low Poly Ultimate Pack/M/- Meshes_M/Medieval_M/tower-castle_round.fbx
  artifactKey: Guid(c6cf9114a861823418cd75af84aefb99) Importer(815301076,1909f56bfc062723c751e8b465ee728b)
Start importing Assets/polyperfect/Low Poly Ultimate Pack/M/- Meshes_M/Medieval_M/tower-castle_round.fbx using Guid(c6cf9114a861823418cd75af84aefb99) Importer(815301076,1909f56bfc062723c751e8b465ee728b)  -> (artifact id: '1dee8f4e80d403c9abfa6befed23b4a3') in 0.005192 seconds
Number of updated asset objects reloaded before import = 0
Number of asset objects unloaded after import = 7
========================================================================
Received Import Request.
  Time since last request: 0.039097 seconds.
  path: Assets/polyperfect/Low Poly Ultimate Pack/M/- Meshes_M/Japan_M/tower-japan-small.fbx
  artifactKey: Guid(3a6e26e88927047998c1d5a524233cff) Importer(815301076,1909f56bfc062723c751e8b465ee728b)
Start importing Assets/polyperfect/Low Poly Ultimate Pack/M/- Meshes_M/Japan_M/tower-japan-small.fbx using Guid(3a6e26e88927047998c1d5a524233cff) Importer(815301076,1909f56bfc062723c751e8b465ee728b)  -> (artifact id: 'a9611e844c06a86af2f3f5a48f41906a') in 0.005930 seconds
Number of updated asset objects reloaded before import = 0
Number of asset objects unloaded after import = 7
========================================================================
Received Import Request.
  Time since last request: 0.000008 seconds.
  path: Assets/polyperfect/Low Poly Ultimate Pack/M/- Meshes_M/Farm_M/tractor.fbx
  artifactKey: Guid(9361cd145cbec4b75b1a9a43114cec43) Importer(815301076,1909f56bfc062723c751e8b465ee728b)
Start importing Assets/polyperfect/Low Poly Ultimate Pack/M/- Meshes_M/Farm_M/tractor.fbx using Guid(9361cd145cbec4b75b1a9a43114cec43) Importer(815301076,1909f56bfc062723c751e8b465ee728b)  -> (artifact id: 'c2a15f9ef608efaafda538ee435a1fcf') in 0.025376 seconds
Number of updated asset objects reloaded before import = 0
Number of asset objects unloaded after import = 29
========================================================================
Received Import Request.
  Time since last request: 0.260142 seconds.
  path: Assets/polyperfect/Low Poly Ultimate Pack/M/- Prefabs_M/Farm_M/tractor-carriage.prefab
  artifactKey: Guid(e86a18ac0278b49d292e6b4cc83abf87) Importer(815301076,1909f56bfc062723c751e8b465ee728b)
Start importing Assets/polyperfect/Low Poly Ultimate Pack/M/- Prefabs_M/Farm_M/tractor-carriage.prefab using Guid(e86a18ac0278b49d292e6b4cc83abf87) Importer(815301076,1909f56bfc062723c751e8b465ee728b)  -> (artifact id: '111f2d94ba127a5480cb0aa4e9f4b1b6') in 0.005461 seconds
Number of updated asset objects reloaded before import = 0
Number of asset objects unloaded after import = 26
========================================================================
Received Import Request.
  Time since last request: 0.000015 seconds.
  path: Assets/polyperfect/Low Poly Ultimate Pack/M/- Prefabs_M/Apocalypse_M/traffic-lights-apocalypse-a.prefab
  artifactKey: Guid(d7b91879bce96a54ab852afc533a83c6) Importer(815301076,1909f56bfc062723c751e8b465ee728b)
Start importing Assets/polyperfect/Low Poly Ultimate Pack/M/- Prefabs_M/Apocalypse_M/traffic-lights-apocalypse-a.prefab using Guid(d7b91879bce96a54ab852afc533a83c6) Importer(815301076,1909f56bfc062723c751e8b465ee728b)  -> (artifact id: 'afae78ee8e9ab2a0d716f1dd79819a77') in 0.004717 seconds
Number of updated asset objects reloaded before import = 0
Number of asset objects unloaded after import = 11
========================================================================
Received Import Request.
  Time since last request: 0.000012 seconds.
  path: Assets/polyperfect/Low Poly Ultimate Pack/M/- Meshes_M/Apocalypse_M/traffic-lights-apocalypse-a.fbx
  artifactKey: Guid(ba3139fb7a0fc8548a9101361394f78c) Importer(815301076,1909f56bfc062723c751e8b465ee728b)
Start importing Assets/polyperfect/Low Poly Ultimate Pack/M/- Meshes_M/Apocalypse_M/traffic-lights-apocalypse-a.fbx using Guid(ba3139fb7a0fc8548a9101361394f78c) Importer(815301076,1909f56bfc062723c751e8b465ee728b)  -> (artifact id: 'bd89685c5364c9459fa75a6f69f57102') in 0.005111 seconds
Number of updated asset objects reloaded before import = 0
Number of asset objects unloaded after import = 7
========================================================================
Received Import Request.
  Time since last request: 0.119684 seconds.
  path: Assets/polyperfect/Low Poly Ultimate Pack/M/- Meshes_M/Apocalypse_M/traffic-lights-broken.fbx
  artifactKey: Guid(40dc6c0e79f8c44f9a274c09a192b4e9) Importer(815301076,1909f56bfc062723c751e8b465ee728b)
Start importing Assets/polyperfect/Low Poly Ultimate Pack/M/- Meshes_M/Apocalypse_M/traffic-lights-broken.fbx using Guid(40dc6c0e79f8c44f9a274c09a192b4e9) Importer(815301076,1909f56bfc062723c751e8b465ee728b)  -> (artifact id: 'c95a30e0f4c14a316f4a8d293309b812') in 0.005711 seconds
Number of updated asset objects reloaded before import = 0
Number of asset objects unloaded after import = 7
========================================================================
Received Import Request.
  Time since last request: 0.000009 seconds.
  path: Assets/polyperfect/Low Poly Ultimate Pack/M/- Meshes_M/Props_M/traffic-sign-no-entry.fbx
  artifactKey: Guid(41ff3a58afd00ed4c88ad6e6e5e8adb0) Importer(815301076,1909f56bfc062723c751e8b465ee728b)
Start importing Assets/polyperfect/Low Poly Ultimate Pack/M/- Meshes_M/Props_M/traffic-sign-no-entry.fbx using Guid(41ff3a58afd00ed4c88ad6e6e5e8adb0) Importer(815301076,1909f56bfc062723c751e8b465ee728b)  -> (artifact id: '71e48a2641b6d51b0e84479a48de4f37') in 0.005199 seconds
Number of updated asset objects reloaded before import = 0
Number of asset objects unloaded after import = 7
Editor requested this worker to shutdown with reason: Scaling down because of idle timeout
TcpMessagingSession - receive error: operation aborted. errorcode: 125, details: Operation aborted.
AssetImportWorker is now disconnected from the server
Process exiting
Thread: ID 139736589157312, CleanupSafetyData: safetyData 7f167017b4a0
Thread: ID 139736589157312, CleanupSafetyData: safetyData 7f16701786b0
Thread: ID 139736589157312, CleanupSafetyData: safetyData 7f1670b9f740
Assertion failed on expression: 'm_PodArrays.empty()'
Checking for leaked weakptr:
  Found no leaked weakptrs.
All object instances wasn't destroyed before shutting down
Assertion failed on expression: 'm_MemoryFSRefCount == 0'
Memory Statistics:
[ALLOC_TEMP_TLS] TLS Allocator
  StackAllocators : 
    [ALLOC_TEMP_Loading.PreloadManager]
      Peak usage frame count: [0-1.0 KB]: 1 frames
      Initial Block Size 32.0 MB
      Current Block Size 32.0 MB
      Peak Allocated Bytes 0 B
      Overflow Count 0
    [ALLOC_TEMP_BakingJobs.worker 11]
      Initial Block Size 256.0 KB
      Current Block Size 256.0 KB
      Peak Allocated Bytes 0 B
      Overflow Count 0
    [ALLOC_TEMP_BakingJobs.worker 10]
      Initial Block Size 256.0 KB
      Current Block Size 256.0 KB
      Peak Allocated Bytes 0 B
      Overflow Count 0
    [ALLOC_TEMP_BakingJobs.worker 9]
      Initial Block Size 256.0 KB
      Current Block Size 256.0 KB
      Peak Allocated Bytes 0 B
      Overflow Count 0
    [ALLOC_TEMP_BakingJobs.worker 8]
      Initial Block Size 256.0 KB
      Current Block Size 256.0 KB
      Peak Allocated Bytes 0 B
      Overflow Count 0
    [ALLOC_TEMP_BakingJobs.worker 7]
      Initial Block Size 256.0 KB
      Current Block Size 256.0 KB
      Peak Allocated Bytes 0 B
      Overflow Count 0
    [ALLOC_TEMP_BakingJobs.worker 6]
      Initial Block Size 256.0 KB
      Current Block Size 256.0 KB
      Peak Allocated Bytes 0 B
      Overflow Count 0
    [ALLOC_TEMP_BakingJobs.worker 5]
      Initial Block Size 256.0 KB
      Current Block Size 256.0 KB
      Peak Allocated Bytes 0 B
      Overflow Count 0
    [ALLOC_TEMP_BakingJobs.worker 4]
      Initial Block Size 256.0 KB
      Current Block Size 256.0 KB
      Peak Allocated Bytes 0 B
      Overflow Count 0
    [ALLOC_TEMP_BakingJobs.worker 3]
      Initial Block Size 256.0 KB
      Current Block Size 256.0 KB
      Peak Allocated Bytes 0 B
      Overflow Count 0
    [ALLOC_TEMP_BakingJobs.worker 2]
      Initial Block Size 256.0 KB
      Current Block Size 256.0 KB
      Peak Allocated Bytes 0 B
      Overflow Count 0
    [ALLOC_TEMP_BakingJobs.worker 1]
      Initial Block Size 256.0 KB
      Current Block Size 256.0 KB
      Peak Allocated Bytes 0 B
      Overflow Count 0
    [ALLOC_TEMP_BakingJobs.worker 0]
      Initial Block Size 256.0 KB
      Current Block Size 256.0 KB
      Peak Allocated Bytes 0 B
      Overflow Count 0
    [ALLOC_TEMP_AUDIO_FMOD stream thread]
      Initial Block Size 64.0 KB
      Current Block Size 64.0 KB
      Peak Allocated Bytes 0 B
      Overflow Count 0
    [ALLOC_TEMP_AssetDatabase.FileHasherHasher]
      Initial Block Size 64.0 KB
      Current Block Size 64.0 KB
      Peak Allocated Bytes 31 B
      Overflow Count 0
    [ALLOC_TEMP_AssetDatabase.FileHasherReader]
      Initial Block Size 64.0 KB
      Current Block Size 64.0 KB
      Peak Allocated Bytes 31 B
      Overflow Count 0
    [ALLOC_TEMP_AssetDatabase.FileHasherHasher]
      Initial Block Size 64.0 KB
      Current Block Size 64.0 KB
      Peak Allocated Bytes 31 B
      Overflow Count 0
    [ALLOC_TEMP_AssetDatabase.FileHasherReader]
      Initial Block Size 64.0 KB
      Current Block Size 64.0 KB
      Peak Allocated Bytes 31 B
      Overflow Count 0
    [ALLOC_TEMP_AssetDatabase.FileHasherHasher]
      Initial Block Size 64.0 KB
      Current Block Size 64.0 KB
      Peak Allocated Bytes 31 B
      Overflow Count 0
    [ALLOC_TEMP_AssetDatabase.FileHasherReader]
      Initial Block Size 64.0 KB
      Current Block Size 64.0 KB
      Peak Allocated Bytes 31 B
      Overflow Count 0
    [ALLOC_TEMP_AssetDatabase.FileHasherHasher]
      Initial Block Size 64.0 KB
      Current Block Size 64.0 KB
      Peak Allocated Bytes 31 B
      Overflow Count 0
    [ALLOC_TEMP_AssetDatabase.FileHasherReader]
      Initial Block Size 64.0 KB
      Current Block Size 64.0 KB
      Peak Allocated Bytes 31 B
      Overflow Count 0
    [ALLOC_TEMP_Loading.AsyncRead]
      Initial Block Size 64.0 KB
      Current Block Size 64.0 KB
      Peak Allocated Bytes 0 B
      Overflow Count 0
    [ALLOC_TEMP_BatchDeleteObjects]
      Initial Block Size 64.0 KB
      Current Block Size 64.0 KB
      Peak Allocated Bytes 0 B
      Overflow Count 0
    [ALLOC_TEMP_Background Job.worker 15]
      Initial Block Size 32.0 KB
      Current Block Size 32.0 KB
      Peak Allocated Bytes 0 B
      Overflow Count 0
    [ALLOC_TEMP_Background Job.worker 14]
      Initial Block Size 32.0 KB
      Current Block Size 32.0 KB
      Peak Allocated Bytes 0 B
      Overflow Count 0
    [ALLOC_TEMP_Background Job.worker 13]
      Initial Block Size 32.0 KB
      Current Block Size 32.0 KB
      Peak Allocated Bytes 0 B
      Overflow Count 0
    [ALLOC_TEMP_Background Job.worker 12]
      Initial Block Size 32.0 KB
      Current Block Size 32.0 KB
      Peak Allocated Bytes 0 B
      Overflow Count 0
    [ALLOC_TEMP_Background Job.worker 11]
      Initial Block Size 32.0 KB
      Current Block Size 32.0 KB
      Peak Allocated Bytes 0 B
      Overflow Count 0
    [ALLOC_TEMP_Background Job.worker 10]
      Initial Block Size 32.0 KB
      Current Block Size 32.0 KB
      Peak Allocated Bytes 0 B
      Overflow Count 0
    [ALLOC_TEMP_Background Job.worker 9]
      Initial Block Size 32.0 KB
      Current Block Size 32.0 KB
      Peak Allocated Bytes 0 B
      Overflow Count 0
    [ALLOC_TEMP_Background Job.worker 8]
      Initial Block Size 32.0 KB
      Current Block Size 32.0 KB
      Peak Allocated Bytes 0 B
      Overflow Count 0
    [ALLOC_TEMP_Background Job.worker 7]
      Initial Block Size 32.0 KB
      Current Block Size 32.0 KB
      Peak Allocated Bytes 0 B
      Overflow Count 0
    [ALLOC_TEMP_Background Job.worker 6]
      Initial Block Size 32.0 KB
      Current Block Size 32.0 KB
      Peak Allocated Bytes 0 B
      Overflow Count 0
    [ALLOC_TEMP_Background Job.worker 5]
      Initial Block Size 32.0 KB
      Current Block Size 32.0 KB
      Peak Allocated Bytes 0 B
      Overflow Count 0
    [ALLOC_TEMP_Background Job.worker 4]
      Initial Block Size 32.0 KB
      Current Block Size 32.0 KB
      Peak Allocated Bytes 0 B
      Overflow Count 0
    [ALLOC_TEMP_Background Job.worker 3]
      Initial Block Size 32.0 KB
      Current Block Size 32.0 KB
      Peak Allocated Bytes 0 B
      Overflow Count 0
    [ALLOC_TEMP_Background Job.worker 2]
      Initial Block Size 32.0 KB
      Current Block Size 32.0 KB
      Peak Allocated Bytes 0 B
      Overflow Count 0
    [ALLOC_TEMP_Background Job.worker 1]
      Initial Block Size 32.0 KB
      Current Block Size 128.0 KB
      Peak Allocated Bytes 62.5 KB
      Overflow Count 0
    [ALLOC_TEMP_Background Job.worker 0]
      Initial Block Size 32.0 KB
      Current Block Size 32.0 KB
      Peak Allocated Bytes 0 B
      Overflow Count 0
    [ALLOC_TEMP_Job.worker 10]
      Initial Block Size 256.0 KB
      Current Block Size 256.0 KB
      Peak Allocated Bytes 0 B
      Overflow Count 0
    [ALLOC_TEMP_Job.worker 9]
      Initial Block Size 256.0 KB
      Current Block Size 256.0 KB
      Peak Allocated Bytes 0 B
      Overflow Count 0
    [ALLOC_TEMP_Job.worker 8]
      Initial Block Size 256.0 KB
      Current Block Size 256.0 KB
      Peak Allocated Bytes 0 B
      Overflow Count 0
    [ALLOC_TEMP_Job.worker 7]
      Initial Block Size 256.0 KB
      Current Block Size 256.0 KB
      Peak Allocated Bytes 0 B
      Overflow Count 0
    [ALLOC_TEMP_Job.worker 6]
      Initial Block Size 256.0 KB
      Current Block Size 256.0 KB
      Peak Allocated Bytes 0 B
      Overflow Count 0
    [ALLOC_TEMP_Job.worker 5]
      Initial Block Size 256.0 KB
      Current Block Size 256.0 KB
      Peak Allocated Bytes 0 B
      Overflow Count 0
    [ALLOC_TEMP_Job.worker 4]
      Initial Block Size 256.0 KB
      Current Block Size 256.0 KB
      Peak Allocated Bytes 0 B
      Overflow Count 0
    [ALLOC_TEMP_Job.worker 3]
      Initial Block Size 256.0 KB
      Current Block Size 256.0 KB
      Peak Allocated Bytes 0 B
      Overflow Count 0
    [ALLOC_TEMP_Job.worker 2]
      Initial Block Size 256.0 KB
      Current Block Size 256.0 KB
      Peak Allocated Bytes 0 B
      Overflow Count 0
    [ALLOC_TEMP_Job.worker 1]
      Initial Block Size 256.0 KB
      Current Block Size 256.0 KB
      Peak Allocated Bytes 0.6 KB
      Overflow Count 0
    [ALLOC_TEMP_Job.worker 0]
      Initial Block Size 256.0 KB
      Current Block Size 256.0 KB
      Peak Allocated Bytes 0 B
      Overflow Count 0
    [ALLOC_TEMP_MAIN]
      Peak usage frame count: [1.0 MB-2.0 MB]: 76 frames, [8.0 MB-16.0 MB]: 1 frames
      Initial Block Size 16.0 MB
      Current Block Size 16.0 MB
      Peak Allocated Bytes 9.3 MB
      Overflow Count 0
    [ALLOC_TEMP_CoreBusinessMetricsCache]
      Initial Block Size 64.0 KB
      Current Block Size 64.0 KB
      Peak Allocated Bytes 0 B
      Overflow Count 0
    [ALLOC_TEMP_AssetDatabase.IOService]
      Initial Block Size 64.0 KB
      Current Block Size 64.0 KB
      Peak Allocated Bytes 32.6 KB
      Overflow Count 0
    [ALLOC_TEMP_Profiler.Dispatcher]
      Initial Block Size 64.0 KB
      Current Block Size 64.0 KB
      Peak Allocated Bytes 0 B
      Overflow Count 0
    [ALLOC_TEMP_AssetGarbageCollectorHelper] x 11
      Initial Block Size 64.0 KB
      Current Block Size 64.0 KB
      Peak Allocated Bytes 0 B
      Overflow Count 0
[ALLOC_MEMORYPROFILER]
  Peak usage frame count: [128.0 KB-256.0 KB]: 76 frames, [256.0 KB-0.5 MB]: 1 frames
  Requested Block Size 1.0 MB
  Peak Block count 1
  Peak Allocated memory 431.2 KB
  Peak Large allocation bytes 0 B
[ALLOC_DEFAULT] Dual Thread Allocator
  Peak main deferred allocation count 215
    [ALLOC_BUCKET]
      Large Block size 32.0 MB
      Used Block count 1
      Peak Allocated bytes 6.7 MB
    [ALLOC_DEFAULT_MAIN]
      Peak usage frame count: [32.0 MB-64.0 MB]: 75 frames, [64.0 MB-128.0 MB]: 2 frames
      Requested Block Size 16.0 MB
      Peak Block count 5
      Peak Allocated memory 70.0 MB
      Peak Large allocation bytes 0 B
    [ALLOC_DEFAULT_THREAD]
      Peak usage frame count: [4.0 MB-8.0 MB]: 77 frames
      Requested Block Size 16.0 MB
      Peak Block count 1
      Peak Allocated memory 4.6 MB
      Peak Large allocation bytes 0 B
[ALLOC_TEMP_JOB_1_FRAME]
  Initial Block Size 2.0 MB
  Used Block Count 0
  Overflow Count (too large) 0
  Overflow Count (full) 0
[ALLOC_TEMP_JOB_2_FRAMES]
  Initial Block Size 2.0 MB
  Used Block Count 0
  Overflow Count (too large) 0
  Overflow Count (full) 0
[ALLOC_TEMP_JOB_4_FRAMES (JobTemp)]
  Initial Block Size 2.0 MB
  Used Block Count 1
  Overflow Count (too large) 0
  Overflow Count (full) 0
[ALLOC_TEMP_JOB_ASYNC (Background)]
  Initial Block Size 1.0 MB
  Used Block Count 1
  Overflow Count (too large) 0
  Overflow Count (full) 0
[ALLOC_GFX] Dual Thread Allocator
  Peak main deferred allocation count 0
    [ALLOC_BUCKET]
      Large Block size 32.0 MB
      Used Block count 1
      Peak Allocated bytes 6.7 MB
    [ALLOC_GFX_MAIN]
      Peak usage frame count: [128.0 KB-256.0 KB]: 70 frames, [256.0 KB-0.5 MB]: 5 frames, [0.5 MB-1.0 MB]: 2 frames
      Requested Block Size 16.0 MB
      Peak Block count 1
      Peak Allocated memory 0.6 MB
      Peak Large allocation bytes 0 B
    [ALLOC_GFX_THREAD]
      Peak usage frame count: [0-1.0 KB]: 77 frames
      Requested Block Size 16.0 MB
      Peak Block count 0
      Peak Allocated memory 0 B
      Peak Large allocation bytes 0 B
[ALLOC_CACHEOBJECTS] Dual Thread Allocator
  Peak main deferred allocation count 11676
    [ALLOC_BUCKET]
      Large Block size 32.0 MB
      Used Block count 1
      Peak Allocated bytes 6.7 MB
    [ALLOC_CACHEOBJECTS_MAIN]
      Peak usage frame count: [4.0 MB-8.0 MB]: 76 frames, [64.0 MB-128.0 MB]: 1 frames
      Requested Block Size 4.0 MB
      Peak Block count 14
      Peak Allocated memory 67.8 MB
      Peak Large allocation bytes 14.5 MB
    [ALLOC_CACHEOBJECTS_THREAD]
      Peak usage frame count: [0-1.0 KB]: 77 frames
      Requested Block Size 4.0 MB
      Peak Block count 0
      Peak Allocated memory 0 B
      Peak Large allocation bytes 0 B
[ALLOC_TYPETREE] Dual Thread Allocator
  Peak main deferred allocation count 18435
    [ALLOC_BUCKET]
      Large Block size 32.0 MB
      Used Block count 1
      Peak Allocated bytes 6.7 MB
    [ALLOC_TYPETREE_MAIN]
      Peak usage frame count: [0.5 MB-1.0 MB]: 73 frames, [1.0 MB-2.0 MB]: 3 frames, [16.0 MB-32.0 MB]: 1 frames
      Requested Block Size 2.0 MB
      Peak Block count 10
      Peak Allocated memory 17.5 MB
      Peak Large allocation bytes 0 B
    [ALLOC_TYPETREE_THREAD]
      Peak usage frame count: [0-1.0 KB]: 77 frames
      Requested Block Size 2.0 MB
      Peak Block count 0
      Peak Allocated memory 0 B
      Peak Large allocation bytes 0 B
[ALLOC_PROFILER]
  Peak usage frame count: [32.0 KB-64.0 KB]: 76 frames, [64.0 KB-128.0 KB]: 1 frames
  Requested Block Size 16.0 MB
  Peak Block count 1
  Peak Allocated memory 70.5 KB
  Peak Large allocation bytes 0 B
    [ALLOC_PROFILER_BUCKET]
      Large Block size 32.0 MB
      Used Block count 1
      Peak Allocated bytes 2.6 KB
[ALLOC_PROFILER_EDITOR]
  Peak usage frame count: [0-1.0 KB]: 77 frames
  Requested Block Size 1.0 MB
  Peak Block count 0
  Peak Allocated memory 0 B
  Peak Large allocation bytes 0 B
    [ALLOC_PROFILER_BUCKET]
      Large Block size 32.0 MB
      Used Block count 1
      Peak Allocated bytes 2.6 KB
##utp:{"type":"MemoryLeaks","version":2,"phase":"Immediate","time":1710123162724,"processId":45470,"allocatedMemory":63193853,"memoryLabels":[{"Default":250281},{"Permanent":18346},{"Thread":1087016},{"Manager":2483621},{"VertexData":492},{"Geometry":408},{"Particles":17888},{"VFX":44},{"Texture":119705},{"Shader":846125},{"Material":9444},{"GfxDevice":238816},{"Animation":15054},{"Audio":13660},{"FMODOther":2090294},{"Font":1792},{"FontEngine":336},{"Physics":274205},{"Physics2D":153296},{"Serialization":7323731},{"Input":59520},{"JobScheduler":12818688},{"GarbageCollector":1049152},{"Mono":92},{"ScriptingNativeRuntime":191864},{"BaseObject":1837768},{"Resource":1300},{"Renderer":15744},{"Transform":48},{"File":11639},{"Network":3338},{"WebCam":40},{"Culling":48},{"Terrain":1073},{"TerrainPhysics":8},{"Wind":24},{"STL":734976},{"String":12313769},{"DynamicArray":4725491},{"HashMap":1403549},{"Utility":4759942},{"PoolAlloc":1496},{"AI":59720},{"TypeTree":4549},{"ScriptManager":815434},{"MonoScriptCache":385440},{"RuntimeInitializeOnLoadManager":80},{"AncestorCache":40},{"SpriteAtlas":128},{"GI":16472},{"Director":7928},{"WebRequest":720},{"VR":46017},{"SceneManager":600},{"Video":256},{"LazyScriptCache":40},{"ManagedAttributeManager":1},{"TextureStreaming":1416},{"NativeArray":839},{"ScreenCapture":8},{"Camera":25},{"Secure":1},{"CrashReporter":1040},{"SerializationCache":1576},{"APIUpdating":11856},{"Subsystems":392},{"VirtualTexturing":59720},{"StaticSafetyDebugInfo":327680},{"EditorGui":4728292},{"EditorUtility":78953},{"VersionControl":4},{"Undo":736},{"AssetDatabase":1403008},{"AssetImporter":283843},{"RestService":2880},{"EditorGi":24624},{"ProgressiveLightmapper":11304},{"License":3144},{"UnityConnect":25496},{"Collab":25},{"Upm":1272},{"DrivenProperties":96},{"LocalIPC":120},{"ProfilerEditor":10999},{"CoreBusinessMetrics":2876},{"AssetReference":40},{"IPCStream":40}]}
