Unity Editor version:    2022.3.20f1 (61c2feb0970d)
Branch:                  2022.3/release
Build type:              Release
Batch mode:              YES
System name:             Linux
Distro version:          #21~22.04.1-Ubuntu SMP PREEMPT_DYNAMIC Fri Feb  9 13:32:52 UTC 2
Kernel version:          6.5.0-21-generic
Architecture:            x86_64
Available memory:        15885 MB
Using pre-set license
Pro License: YES
Desktop is 4920 x 1920 @ 60 Hz
Initialize udev device monitor.

COMMAND LINE ARGUMENTS:
Unity
-adb2
-batchMode
-noUpm
-name
AssetImportWorker7
-projectPath
/home/ben/Dauntless-Runner
-logFile
Logs/AssetImportWorker7.log
-srvPort
40897
Successfully changed project path to: /home/ben/Dauntless-Runner
/home/ben/Dauntless-Runner
[UnityMemory] Configuration Parameters - Can be set up in boot.config
    "memorysetup-bucket-allocator-granularity=16"
    "memorysetup-bucket-allocator-bucket-count=8"
    "memorysetup-bucket-allocator-block-size=33554432"
    "memorysetup-bucket-allocator-block-count=8"
    "memorysetup-main-allocator-block-size=16777216"
    "memorysetup-thread-allocator-block-size=16777216"
    "memorysetup-gfx-main-allocator-block-size=16777216"
    "memorysetup-gfx-thread-allocator-block-size=16777216"
    "memorysetup-cache-allocator-block-size=4194304"
    "memorysetup-typetree-allocator-block-size=2097152"
    "memorysetup-profiler-bucket-allocator-granularity=16"
    "memorysetup-profiler-bucket-allocator-bucket-count=8"
    "memorysetup-profiler-bucket-allocator-block-size=33554432"
    "memorysetup-profiler-bucket-allocator-block-count=8"
    "memorysetup-profiler-allocator-block-size=16777216"
    "memorysetup-profiler-editor-allocator-block-size=1048576"
    "memorysetup-temp-allocator-size-main=16777216"
    "memorysetup-job-temp-allocator-block-size=2097152"
    "memorysetup-job-temp-allocator-block-size-background=1048576"
    "memorysetup-job-temp-allocator-reduction-small-platforms=262144"
    "memorysetup-allocator-temp-initial-block-size-main=262144"
    "memorysetup-allocator-temp-initial-block-size-worker=262144"
    "memorysetup-temp-allocator-size-background-worker=32768"
    "memorysetup-temp-allocator-size-job-worker=262144"
    "memorysetup-temp-allocator-size-preload-manager=33554432"
    "memorysetup-temp-allocator-size-nav-mesh-worker=65536"
    "memorysetup-temp-allocator-size-audio-worker=65536"
    "memorysetup-temp-allocator-size-cloud-worker=32768"
    "memorysetup-temp-allocator-size-gi-baking-worker=262144"
    "memorysetup-temp-allocator-size-gfx=262144"
Player connection [140633185022912] Host "[IP] 192.168.1.79 [Port] 0 [Flags] 2 [Guid] 683588956 [EditorId] 683588956 [Version] 1048832 [Id] LinuxEditor(16,192.168.1.79) [Debug] 1 [PackageName] LinuxEditor [ProjectName] Editor" joined multi-casting on [225.0.0.222:54997]...

Player connection [140633185022912] Host "[IP] 192.168.1.79 [Port] 0 [Flags] 2 [Guid] 683588956 [EditorId] 683588956 [Version] 1048832 [Id] LinuxEditor(16,192.168.1.79) [Debug] 1 [PackageName] LinuxEditor [ProjectName] Editor" joined alternative multi-casting on [225.0.0.222:34997]...

[Physics::Module] Initialized MultithreadedJobDispatcher with 11 workers.
Refreshing native plugins compatible for Editor in 2.01 ms, found 1 plugins.
Preloading 0 native plugins for Editor in 0.00 ms.
Initialize engine version: 2022.3.20f1 (61c2feb0970d)
[Subsystems] Discovering subsystems at path /home/ben/Unity/Hub/Editor/2022.3.20f1/Editor/Data/Resources/UnitySubsystems
[Subsystems] Discovering subsystems at path /home/ben/Dauntless-Runner/Assets
GLX Extensions: GLX_ARB_context_flush_control GLX_ARB_create_context GLX_ARB_create_context_no_error GLX_ARB_create_context_profile GLX_ARB_create_context_robustness GLX_ARB_fbconfig_float GLX_ARB_framebuffer_sRGB GLX_ARB_get_proc_address GLX_ARB_multisample GLX_EXT_buffer_age GLX_EXT_create_context_es2_profile GLX_EXT_create_context_es_profile GLX_EXT_fbconfig_packed_float GLX_EXT_framebuffer_sRGB GLX_EXT_no_config_context GLX_EXT_swap_control GLX_EXT_swap_control_tear GLX_EXT_texture_from_pixmap GLX_EXT_visual_info GLX_EXT_visual_rating GLX_INTEL_swap_event GLX_MESA_copy_sub_buffer GLX_MESA_query_renderer GLX_MESA_swap_control GLX_OML_swap_method GLX_OML_sync_control GLX_SGIS_multisample GLX_SGIX_fbconfig GLX_SGIX_pbuffer GLX_SGIX_visual_select_group GLX_SGI_make_current_read GLX_SGI_swap_control GLX_SGI_video_sync 
Renderer: AMD Radeon RX 5500 XT (navi14, LLVM 15.0.7, DRM 3.54, 6.5.0-21-generic)
Vendor:   AMD
Version:  4.6 (Core Profile) Mesa 23.2.1-1ubuntu3.1~22.04.2
GLES:     0
 GL_AMD_conservative_depth GL_AMD_depth_clamp_separate GL_AMD_draw_buffers_blend GL_AMD_framebuffer_multisample_advanced GL_AMD_gpu_shader_int64 GL_AMD_multi_draw_indirect GL_AMD_performance_monitor GL_AMD_pinned_memory GL_AMD_query_buffer_object GL_AMD_seamless_cubemap_per_texture GL_AMD_shader_stencil_export GL_AMD_shader_trinary_minmax GL_AMD_texture_texture4 GL_AMD_vertex_shader_layer GL_AMD_vertex_shader_viewport_index GL_ANGLE_texture_compression_dxt3 GL_ANGLE_texture_compression_dxt5 GL_ARB_ES2_compatibility GL_ARB_ES3_1_compatibility GL_ARB_ES3_2_compatibility GL_ARB_ES3_compatibility GL_ARB_arrays_of_arrays GL_ARB_base_instance GL_ARB_bindless_texture GL_ARB_blend_func_extended GL_ARB_buffer_storage GL_ARB_clear_buffer_object GL_ARB_clear_texture GL_ARB_clip_control GL_ARB_color_buffer_float GL_ARB_compressed_texture_pixel_storage GL_ARB_compute_shader GL_ARB_compute_variable_group_size GL_ARB_conditional_render_inverted GL_ARB_conservative_depth GL_ARB_copy_buffer GL_ARB_copy_image GL_ARB_cull_dist
ance GL_ARB_debug_output GL_ARB_depth_buffer_float GL_ARB_depth_clamp GL_ARB_derivative_control GL_ARB_direct_state_access GL_ARB_draw_buffers GL_ARB_draw_buffers_blend GL_ARB_draw_elements_base_vertex GL_ARB_draw_indirect GL_ARB_draw_instanced GL_ARB_enhanced_layouts GL_ARB_explicit_attrib_location GL_ARB_explicit_uniform_location GL_ARB_fragment_coord_conventions GL_ARB_fragment_layer_viewport GL_ARB_fragment_shader GL_ARB_framebuffer_no_attachments GL_ARB_framebuffer_object GL_ARB_framebuffer_sRGB GL_ARB_get_program_binary GL_ARB_get_texture_sub_image GL_ARB_gl_spirv GL_ARB_gpu_shader5 GL_ARB_gpu_shader_fp64 GL_ARB_gpu_shader_int64 GL_ARB_half_float_pixel GL_ARB_half_float_vertex GL_ARB_indirect_parameters GL_ARB_instanced_arrays GL_ARB_internalformat_query GL_ARB_internalformat_query2 GL_ARB_invalidate_subdata GL_ARB_map_buffer_alignment GL_ARB_map_buffer_range GL_ARB_multi_bind GL_ARB_multi_draw_indirect GL_ARB_occlusion_query2 GL_ARB_parallel_shader_compile GL_ARB_pipeline_statistics_query GL_ARB_pixel
_buffer_object GL_ARB_point_sprite GL_ARB_polygon_offset_clamp GL_ARB_post_depth_coverage GL_ARB_program_interface_query GL_ARB_provoking_vertex GL_ARB_query_buffer_object GL_ARB_robust_buffer_access_behavior GL_ARB_robustness GL_ARB_sample_shading GL_ARB_sampler_objects GL_ARB_seamless_cube_map GL_ARB_seamless_cubemap_per_texture GL_ARB_separate_shader_objects GL_ARB_shader_atomic_counter_ops GL_ARB_shader_atomic_counters GL_ARB_shader_ballot GL_ARB_shader_bit_encoding GL_ARB_shader_clock GL_ARB_shader_draw_parameters GL_ARB_shader_group_vote GL_ARB_shader_image_load_store GL_ARB_shader_image_size GL_ARB_shader_objects GL_ARB_shader_precision GL_ARB_shader_stencil_export GL_ARB_shader_storage_buffer_object GL_ARB_shader_subroutine GL_ARB_shader_texture_image_samples GL_ARB_shader_texture_lod GL_ARB_shader_viewport_layer_array GL_ARB_shading_language_420pack GL_ARB_shading_language_include GL_ARB_shading_language_packing GL_ARB_sparse_buffer GL_ARB_sparse_texture GL_ARB_sparse_texture2 GL_ARB_sparse_texture_
clamp GL_ARB_spirv_extensions GL_ARB_stencil_texturing GL_ARB_sync GL_ARB_tessellation_shader GL_ARB_texture_barrier GL_ARB_texture_buffer_object GL_ARB_texture_buffer_object_rgb32 GL_ARB_texture_buffer_range GL_ARB_texture_compression_bptc GL_ARB_texture_compression_rgtc GL_ARB_texture_cube_map_array GL_ARB_texture_filter_anisotropic GL_ARB_texture_float GL_ARB_texture_gather GL_ARB_texture_mirror_clamp_to_edge GL_ARB_texture_multisample GL_ARB_texture_non_power_of_two GL_ARB_texture_query_levels GL_ARB_texture_query_lod GL_ARB_texture_rectangle GL_ARB_texture_rg GL_ARB_texture_rgb10_a2ui GL_ARB_texture_stencil8 GL_ARB_texture_storage GL_ARB_texture_storage_multisample GL_ARB_texture_swizzle GL_ARB_texture_view GL_ARB_timer_query GL_ARB_transform_feedback2 GL_ARB_transform_feedback3 GL_ARB_transform_feedback_instanced GL_ARB_transform_feedback_overflow_query GL_ARB_uniform_buffer_object GL_ARB_vertex_array_bgra GL_ARB_vertex_array_object GL_ARB_vertex_attrib_64bit GL_ARB_vertex_attrib_binding GL_ARB_vertex_
buffer_object GL_ARB_vertex_shader GL_ARB_vertex_type_10f_11f_11f_rev GL_ARB_vertex_type_2_10_10_10_rev GL_ARB_viewport_array GL_ATI_blend_equation_separate GL_ATI_meminfo GL_ATI_texture_float GL_ATI_texture_mirror_once GL_EXT_EGL_image_storage GL_EXT_EGL_sync GL_EXT_abgr GL_EXT_blend_equation_separate GL_EXT_debug_label GL_EXT_demote_to_helper_invocation GL_EXT_depth_bounds_test GL_EXT_draw_buffers2 GL_EXT_draw_instanced GL_EXT_framebuffer_blit GL_EXT_framebuffer_multisample GL_EXT_framebuffer_multisample_blit_scaled GL_EXT_framebuffer_object GL_EXT_framebuffer_sRGB GL_EXT_memory_object GL_EXT_memory_object_fd GL_EXT_packed_depth_stencil GL_EXT_packed_float GL_EXT_pixel_buffer_object GL_EXT_polygon_offset_clamp GL_EXT_provoking_vertex GL_EXT_semaphore GL_EXT_semaphore_fd GL_EXT_shader_image_load_formatted GL_EXT_shader_image_load_store GL_EXT_shader_integer_mix GL_EXT_shader_samples_identical GL_EXT_texture_array GL_EXT_texture_compression_dxt1 GL_EXT_texture_compression_rgtc GL_EXT_texture_compression_s3tc
 GL_EXT_texture_filter_anisotropic GL_EXT_texture_integer GL_EXT_texture_mirror_clamp GL_EXT_texture_sRGB GL_EXT_texture_sRGB_R8 GL_EXT_texture_sRGB_RG8 GL_EXT_texture_sRGB_decode GL_EXT_texture_shadow_lod GL_EXT_texture_shared_exponent GL_EXT_texture_snorm GL_EXT_texture_swizzle GL_EXT_timer_query GL_EXT_transform_feedback GL_EXT_vertex_array_bgra GL_EXT_vertex_attrib_64bit GL_EXT_window_rectangles GL_IBM_multimode_draw_arrays GL_INTEL_blackhole_render GL_KHR_blend_equation_advanced GL_KHR_context_flush_control GL_KHR_debug GL_KHR_no_error GL_KHR_parallel_shader_compile GL_KHR_robust_buffer_access_behavior GL_KHR_robustness GL_KHR_texture_compression_astc_ldr GL_KHR_texture_compression_astc_sliced_3d GL_MESA_framebuffer_flip_y GL_MESA_pack_invert GL_MESA_shader_integer_functions GL_MESA_texture_signed_rgba GL_NVX_gpu_memory_info GL_NV_alpha_to_coverage_dither_control GL_NV_compute_shader_derivatives GL_NV_conditional_render GL_NV_copy_image GL_NV_depth_clamp GL_NV_packed_depth_stencil GL_NV_shader_atomic_in
t64 GL_NV_texture_barrier GL_NV_vdpau_interop GL_OES_EGL_image GL_S3_s3tc
OPENGL LOG: Creating OpenGL 4.6 graphics device ; Context level  <OpenGL 4.5> ; Context handle 976865296
Initialize mono
Mono path[0] = '/home/ben/Unity/Hub/Editor/2022.3.20f1/Editor/Data/Managed'
Mono path[1] = '/home/ben/Unity/Hub/Editor/2022.3.20f1/Editor/Data/MonoBleedingEdge/lib/mono/unityjit-linux'
Mono config path = '/home/ben/Unity/Hub/Editor/2022.3.20f1/Editor/Data/MonoBleedingEdge/etc'
Using monoOptions --debugger-agent=transport=dt_socket,embedding=1,server=y,suspend=n,address=127.0.0.1:56551
Begin MonoManager ReloadAssembly
Registering precompiled unity dll's ...
Register platform support module: /home/ben/Unity/Hub/Editor/2022.3.20f1/Editor/Data/PlaybackEngines/WebGLSupport/UnityEditor.WebGL.Extensions.dll
Register platform support module: /home/ben/Unity/Hub/Editor/2022.3.20f1/Editor/Data/PlaybackEngines/LinuxStandaloneSupport/UnityEditor.LinuxStandalone.Extensions.dll
Registered in 0.009057 seconds.
- Loaded All Assemblies, in  0.253 seconds
Native extension for LinuxStandalone target not found
Native extension for WebGL target not found
Mono: successfully reloaded assembly
- Finished resetting the current domain, in  0.220 seconds
Domain Reload Profiling: 473ms
	BeginReloadAssembly (64ms)
		ExecutionOrderSort (0ms)
		DisableScriptedObjects (0ms)
		BackupInstance (0ms)
		ReleaseScriptingObjects (0ms)
		CreateAndSetChildDomain (0ms)
	RebuildCommonClasses (27ms)
	RebuildNativeTypeToScriptingClass (6ms)
	initialDomainReloadingComplete (51ms)
	LoadAllAssembliesAndSetupDomain (105ms)
		LoadAssemblies (64ms)
		RebuildTransferFunctionScriptingTraits (0ms)
		AnalyzeDomain (104ms)
			TypeCache.Refresh (102ms)
				TypeCache.ScanAssembly (93ms)
			ScanForSourceGeneratedMonoScriptInfo (0ms)
			ResolveRequiredComponents (0ms)
	FinalizeReload (220ms)
		ReleaseScriptCaches (0ms)
		RebuildScriptCaches (0ms)
		SetupLoadedEditorAssemblies (173ms)
			LogAssemblyErrors (0ms)
			InitializePlatformSupportModulesInManaged (8ms)
			SetLoadedEditorAssemblies (4ms)
			RefreshPlugins (0ms)
			BeforeProcessingInitializeOnLoad (1ms)
			ProcessInitializeOnLoadAttributes (118ms)
			ProcessInitializeOnLoadMethodAttributes (40ms)
			AfterProcessingInitializeOnLoad (0ms)
			EditorAssembliesLoaded (0ms)
		ExecutionOrderSort2 (0ms)
		AwakeInstancesAfterBackupRestoration (0ms)
========================================================================
Worker process is ready to serve import requests
Begin MonoManager ReloadAssembly
- Loaded All Assemblies, in  0.371 seconds
Refreshing native plugins compatible for Editor in 0.87 ms, found 1 plugins.
Native extension for LinuxStandalone target not found
Native extension for WebGL target not found
Package Manager log level set to [2]
[Package Manager] Server::EnsureServerProcessIsRunning -- launch failed, reason: Unity was launched with the -noUpm command-line argument
[Package Manager] UpmClient::Send -- Unable to send message (not connected to UPM process).
[Package Manager] Cannot connect to Unity Package Manager local server
Mono: successfully reloaded assembly
- Finished resetting the current domain, in  0.598 seconds
Domain Reload Profiling: 969ms
	BeginReloadAssembly (95ms)
		ExecutionOrderSort (0ms)
		DisableScriptedObjects (4ms)
		BackupInstance (0ms)
		ReleaseScriptingObjects (0ms)
		CreateAndSetChildDomain (17ms)
	RebuildCommonClasses (25ms)
	RebuildNativeTypeToScriptingClass (6ms)
	initialDomainReloadingComplete (33ms)
	LoadAllAssembliesAndSetupDomain (211ms)
		LoadAssemblies (186ms)
		RebuildTransferFunctionScriptingTraits (0ms)
		AnalyzeDomain (74ms)
			TypeCache.Refresh (62ms)
				TypeCache.ScanAssembly (53ms)
			ScanForSourceGeneratedMonoScriptInfo (9ms)
			ResolveRequiredComponents (2ms)
	FinalizeReload (598ms)
		ReleaseScriptCaches (0ms)
		RebuildScriptCaches (0ms)
		SetupLoadedEditorAssemblies (472ms)
			LogAssemblyErrors (0ms)
			InitializePlatformSupportModulesInManaged (7ms)
			SetLoadedEditorAssemblies (3ms)
			RefreshPlugins (0ms)
			BeforeProcessingInitializeOnLoad (38ms)
			ProcessInitializeOnLoadAttributes (400ms)
			ProcessInitializeOnLoadMethodAttributes (19ms)
			AfterProcessingInitializeOnLoad (5ms)
			EditorAssembliesLoaded (0ms)
		ExecutionOrderSort2 (0ms)
		AwakeInstancesAfterBackupRestoration (3ms)
Launched and connected shader compiler UnityShaderCompiler after 0.01 seconds
Refreshing native plugins compatible for Editor in 0.91 ms, found 1 plugins.
Preloading 0 native plugins for Editor in 0.00 ms.
Unloading 2298 Unused Serialized files (Serialized files now loaded: 0)
Unloading 67 unused Assets / (1.4 MB). Loaded Objects now: 2782.
Memory consumption went from 141.9 MB to 140.5 MB.
Total: 4.154971 ms (FindLiveObjects: 0.162640 ms CreateObjectMapping: 0.061300 ms MarkObjects: 3.276220 ms  DeleteObjects: 0.653951 ms)

AssetImportParameters requested are different than current active one (requested -> active):
  custom:video-decoder-webm-vp8: 9c59270c3fd7afecdb556c50c9e8de78 -> 
  custom:SearchIndexIgnoredProperties: e643bd26f0fe6173181afceb89e7c659 -> 
  custom:container-demuxer-ogg: 62fdf1f143b41e24485cea50d1cbac27 -> 
  custom:AudioImporter_EditorPlatform: 2f0ff77a95e0ac474e3e8eeba4e2f7cb -> 
  custom:video-decoder-ogg-theora: a1e56fd34408186e4bbccfd4996cb3dc -> 
  custom:video-encoder-webm-vp8: eb34c28f22e8b96e1ab97ce403110664 -> 
  custom:audio-decoder-ogg-vorbis: bf7c407c2cedff20999df2af8eb42d56 -> 
  custom:CustomObjectIndexerAttribute: efbeaf2078ee4010e9a0b7bd6667f9dd -> 
  custom:container-demuxer-webm: 4f35f7cbe854078d1ac9338744f61a02 -> 
  custom:audio-encoder-webm-vorbis: bf7c407c2cedff20999df2af8eb42d56 -> 
  custom:container-muxer-webm: aa71ff27fc2769a1b78a27578f13a17b -> 
========================================================================
Received Import Request.
  Time since last request: 33322.978617 seconds.
  path: Assets/polyperfect/Low Poly Ultimate Pack/M/- Prefabs_M/Amusement-Park_M/burger-stall.prefab
  artifactKey: Guid(d43f35ddc12c4514493abf98c5c18955) Importer(815301076,1909f56bfc062723c751e8b465ee728b)
Start importing Assets/polyperfect/Low Poly Ultimate Pack/M/- Prefabs_M/Amusement-Park_M/burger-stall.prefab using Guid(d43f35ddc12c4514493abf98c5c18955) Importer(815301076,1909f56bfc062723c751e8b465ee728b)  -> (artifact id: 'd6a420a53fa093c77a740489158cc24a') in 0.078419 seconds
Number of updated asset objects reloaded before import = 0
Number of asset objects unloaded after import = 16
========================================================================
Received Import Request.
  Time since last request: 0.000022 seconds.
  path: Assets/polyperfect/Low Poly Ultimate Pack/M/- Prefabs_M/Amusement-Park_M/ferris-wheel.prefab
  artifactKey: Guid(18ec5bde380b49e4294eff4dfb61ef43) Importer(815301076,1909f56bfc062723c751e8b465ee728b)
Start importing Assets/polyperfect/Low Poly Ultimate Pack/M/- Prefabs_M/Amusement-Park_M/ferris-wheel.prefab using Guid(18ec5bde380b49e4294eff4dfb61ef43) Importer(815301076,1909f56bfc062723c751e8b465ee728b)  -> (artifact id: '3a44b0873b7cc322c03978c69d290e26') in 0.007883 seconds
Number of updated asset objects reloaded before import = 0
Number of asset objects unloaded after import = 71
========================================================================
Received Import Request.
  Time since last request: 0.000020 seconds.
  path: Assets/polyperfect/Low Poly Ultimate Pack/M/- Prefabs_M/Amusement-Park_M/roller-coaster-cart-front.prefab
  artifactKey: Guid(baf323c538b3e054cbc10b8a49d07ed5) Importer(815301076,1909f56bfc062723c751e8b465ee728b)
Start importing Assets/polyperfect/Low Poly Ultimate Pack/M/- Prefabs_M/Amusement-Park_M/roller-coaster-cart-front.prefab using Guid(baf323c538b3e054cbc10b8a49d07ed5) Importer(815301076,1909f56bfc062723c751e8b465ee728b)  -> (artifact id: '4eab626723aa07acb75d418b89bd0294') in 0.004817 seconds
Number of updated asset objects reloaded before import = 0
Number of asset objects unloaded after import = 11
========================================================================
Received Import Request.
  Time since last request: 0.000013 seconds.
  path: Assets/polyperfect/Low Poly Ultimate Pack/M/- Prefabs_M/Amusement-Park_M/sushi-stall.prefab
  artifactKey: Guid(cc4354177d698b44d97dc46299f3fadc) Importer(815301076,1909f56bfc062723c751e8b465ee728b)
Start importing Assets/polyperfect/Low Poly Ultimate Pack/M/- Prefabs_M/Amusement-Park_M/sushi-stall.prefab using Guid(cc4354177d698b44d97dc46299f3fadc) Importer(815301076,1909f56bfc062723c751e8b465ee728b)  -> (artifact id: 'ebe3590418c62855dc2542c75338b7e7') in 0.010000 seconds
Number of updated asset objects reloaded before import = 0
Number of asset objects unloaded after import = 18
========================================================================
Received Import Request.
  Time since last request: 0.000058 seconds.
  path: Assets/polyperfect/Low Poly Ultimate Pack/M/- Prefabs_M/Amusement-Park_M/popcorn.prefab
  artifactKey: Guid(ac36c20d8e4738346a7256af9d5f3cf2) Importer(815301076,1909f56bfc062723c751e8b465ee728b)
Start importing Assets/polyperfect/Low Poly Ultimate Pack/M/- Prefabs_M/Amusement-Park_M/popcorn.prefab using Guid(ac36c20d8e4738346a7256af9d5f3cf2) Importer(815301076,1909f56bfc062723c751e8b465ee728b)  -> (artifact id: '456946781aa1ef558cefce1b3ea8cb08') in 0.005200 seconds
Number of updated asset objects reloaded before import = 0
Number of asset objects unloaded after import = 11
========================================================================
Received Import Request.
  Time since last request: 0.000094 seconds.
  path: Assets/polyperfect/Low Poly Ultimate Pack/M/- Prefabs_M/Amusement-Park_M/ticket-ride-booth.prefab
  artifactKey: Guid(cb5208bf521f0e944a540e346af2983e) Importer(815301076,1909f56bfc062723c751e8b465ee728b)
Start importing Assets/polyperfect/Low Poly Ultimate Pack/M/- Prefabs_M/Amusement-Park_M/ticket-ride-booth.prefab using Guid(cb5208bf521f0e944a540e346af2983e) Importer(815301076,1909f56bfc062723c751e8b465ee728b)  -> (artifact id: '6188cacf3f847ce59d725cc9aeffb5bb') in 0.007086 seconds
Number of updated asset objects reloaded before import = 0
Number of asset objects unloaded after import = 17
========================================================================
Received Import Request.
  Time since last request: 0.531033 seconds.
  path: Assets/polyperfect/Low Poly Ultimate Pack/M/- Prefabs_M/Animals_M/chick.prefab
  artifactKey: Guid(befea99e6a7676c47bfc66e6fe82aa26) Importer(815301076,1909f56bfc062723c751e8b465ee728b)
Start importing Assets/polyperfect/Low Poly Ultimate Pack/M/- Prefabs_M/Animals_M/chick.prefab using Guid(befea99e6a7676c47bfc66e6fe82aa26) Importer(815301076,1909f56bfc062723c751e8b465ee728b)  -> (artifact id: '43b99a0df417c79c974b8403d0f8b89f') in 0.003969 seconds
Number of updated asset objects reloaded before import = 0
Number of asset objects unloaded after import = 11
========================================================================
Received Import Request.
  Time since last request: 0.000011 seconds.
  path: Assets/polyperfect/Low Poly Ultimate Pack/M/- Prefabs_M/Animals_M/elephant.prefab
  artifactKey: Guid(9df32bbc060e3d6489df3d2254c9fb5c) Importer(815301076,1909f56bfc062723c751e8b465ee728b)
Start importing Assets/polyperfect/Low Poly Ultimate Pack/M/- Prefabs_M/Animals_M/elephant.prefab using Guid(9df32bbc060e3d6489df3d2254c9fb5c) Importer(815301076,1909f56bfc062723c751e8b465ee728b)  -> (artifact id: '08b8eb4e10eeea518a3da706998bab60') in 0.003803 seconds
Number of updated asset objects reloaded before import = 0
Number of asset objects unloaded after import = 11
========================================================================
Received Import Request.
  Time since last request: 0.000012 seconds.
  path: Assets/polyperfect/Low Poly Ultimate Pack/M/- Prefabs_M/Animals_M/fish-swarm.prefab
  artifactKey: Guid(bcf68baabdde27847b41fdf4f2e89ea2) Importer(815301076,1909f56bfc062723c751e8b465ee728b)
Start importing Assets/polyperfect/Low Poly Ultimate Pack/M/- Prefabs_M/Animals_M/fish-swarm.prefab using Guid(bcf68baabdde27847b41fdf4f2e89ea2) Importer(815301076,1909f56bfc062723c751e8b465ee728b)  -> (artifact id: 'ec740d2d934753ccf5293b61fd4d8074') in 0.003355 seconds
Number of updated asset objects reloaded before import = 0
Number of asset objects unloaded after import = 9
========================================================================
Received Import Request.
  Time since last request: 0.000008 seconds.
  path: Assets/polyperfect/Low Poly Ultimate Pack/M/- Prefabs_M/Animals_M/hen.prefab
  artifactKey: Guid(e85254987090d0746bfb249c32c200da) Importer(815301076,1909f56bfc062723c751e8b465ee728b)
Start importing Assets/polyperfect/Low Poly Ultimate Pack/M/- Prefabs_M/Animals_M/hen.prefab using Guid(e85254987090d0746bfb249c32c200da) Importer(815301076,1909f56bfc062723c751e8b465ee728b)  -> (artifact id: '42295bf30e69951147ce5b8dbe58806c') in 0.004320 seconds
Number of updated asset objects reloaded before import = 0
Number of asset objects unloaded after import = 14
========================================================================
Received Import Request.
  Time since last request: 0.000010 seconds.
  path: Assets/polyperfect/Low Poly Ultimate Pack/M/- Prefabs_M/Animals_M/scorpion.prefab
  artifactKey: Guid(f8bf5f0d2b382fb41a999dd5bce8fa7f) Importer(815301076,1909f56bfc062723c751e8b465ee728b)
Start importing Assets/polyperfect/Low Poly Ultimate Pack/M/- Prefabs_M/Animals_M/scorpion.prefab using Guid(f8bf5f0d2b382fb41a999dd5bce8fa7f) Importer(815301076,1909f56bfc062723c751e8b465ee728b)  -> (artifact id: '1522f0e810d9149c6349852f4b6014d5') in 0.003247 seconds
Number of updated asset objects reloaded before import = 0
Number of asset objects unloaded after import = 8
========================================================================
Received Import Request.
  Time since last request: 0.000309 seconds.
  path: Assets/polyperfect/Low Poly Ultimate Pack/M/- Prefabs_M/Animals_M/shark.prefab
  artifactKey: Guid(881a2db4a7b341d41848d375ad871de4) Importer(815301076,1909f56bfc062723c751e8b465ee728b)
Start importing Assets/polyperfect/Low Poly Ultimate Pack/M/- Prefabs_M/Animals_M/shark.prefab using Guid(881a2db4a7b341d41848d375ad871de4) Importer(815301076,1909f56bfc062723c751e8b465ee728b)  -> (artifact id: '5726fc83354570de792a27ad9fe9f8ac') in 0.004844 seconds
Number of updated asset objects reloaded before import = 0
Number of asset objects unloaded after import = 13
========================================================================
Received Import Request.
  Time since last request: 0.000012 seconds.
  path: Assets/polyperfect/Low Poly Ultimate Pack/M/- Prefabs_M/Animals_M/starfish.prefab
  artifactKey: Guid(daa7bd827672b494baf0a96086abe50c) Importer(815301076,1909f56bfc062723c751e8b465ee728b)
Start importing Assets/polyperfect/Low Poly Ultimate Pack/M/- Prefabs_M/Animals_M/starfish.prefab using Guid(daa7bd827672b494baf0a96086abe50c) Importer(815301076,1909f56bfc062723c751e8b465ee728b)  -> (artifact id: 'e17f9c724e3fe2df5b9fa13130848430') in 0.003651 seconds
Number of updated asset objects reloaded before import = 0
Number of asset objects unloaded after import = 9
========================================================================
Received Import Request.
  Time since last request: 4.847992 seconds.
  path: Assets/polyperfect/Low Poly Ultimate Pack/M/- Prefabs_M/Beach_M/flip-flops.prefab
  artifactKey: Guid(7ef0af7119d54614c81b0d5d2b45bdc1) Importer(815301076,1909f56bfc062723c751e8b465ee728b)
Start importing Assets/polyperfect/Low Poly Ultimate Pack/M/- Prefabs_M/Beach_M/flip-flops.prefab using Guid(7ef0af7119d54614c81b0d5d2b45bdc1) Importer(815301076,1909f56bfc062723c751e8b465ee728b)  -> (artifact id: 'af126c310beb826f3c0cd3f665aed3b4') in 0.004186 seconds
Number of updated asset objects reloaded before import = 0
Number of asset objects unloaded after import = 9
========================================================================
Received Import Request.
  Time since last request: 0.000012 seconds.
  path: Assets/polyperfect/Low Poly Ultimate Pack/M/- Prefabs_M/Beach_M/inflatable-flamingo-big.prefab
  artifactKey: Guid(84ef501e07ae23c4fb3b6fea7eefe915) Importer(815301076,1909f56bfc062723c751e8b465ee728b)
Start importing Assets/polyperfect/Low Poly Ultimate Pack/M/- Prefabs_M/Beach_M/inflatable-flamingo-big.prefab using Guid(84ef501e07ae23c4fb3b6fea7eefe915) Importer(815301076,1909f56bfc062723c751e8b465ee728b)  -> (artifact id: 'ffa452d575aa174fb5e4a087f35231d5') in 0.004455 seconds
Number of updated asset objects reloaded before import = 0
Number of asset objects unloaded after import = 11
========================================================================
Received Import Request.
  Time since last request: 0.000011 seconds.
  path: Assets/polyperfect/Low Poly Ultimate Pack/M/- Prefabs_M/Beach_M/lifebuoy.prefab
  artifactKey: Guid(afb01f7b2643ee543bdb5f9918c5bd4c) Importer(815301076,1909f56bfc062723c751e8b465ee728b)
Start importing Assets/polyperfect/Low Poly Ultimate Pack/M/- Prefabs_M/Beach_M/lifebuoy.prefab using Guid(afb01f7b2643ee543bdb5f9918c5bd4c) Importer(815301076,1909f56bfc062723c751e8b465ee728b)  -> (artifact id: '3357e398f6c4218b3e871a2643ac1d8d') in 0.004135 seconds
Number of updated asset objects reloaded before import = 0
Number of asset objects unloaded after import = 10
========================================================================
Received Import Request.
  Time since last request: 0.000010 seconds.
  path: Assets/polyperfect/Low Poly Ultimate Pack/M/- Prefabs_M/Beach_M/sand-bucket.prefab
  artifactKey: Guid(be899316ac281464d8ac09ca602dd8ff) Importer(815301076,1909f56bfc062723c751e8b465ee728b)
Start importing Assets/polyperfect/Low Poly Ultimate Pack/M/- Prefabs_M/Beach_M/sand-bucket.prefab using Guid(be899316ac281464d8ac09ca602dd8ff) Importer(815301076,1909f56bfc062723c751e8b465ee728b)  -> (artifact id: '3e0639ce61aa66a792b9199107dc88c2') in 0.004324 seconds
Number of updated asset objects reloaded before import = 0
Number of asset objects unloaded after import = 10
========================================================================
Received Import Request.
  Time since last request: 0.000011 seconds.
  path: Assets/polyperfect/Low Poly Ultimate Pack/M/- Prefabs_M/Beach_M/scuba-mask.prefab
  artifactKey: Guid(b2b91ecb793505940b70a393f3241196) Importer(815301076,1909f56bfc062723c751e8b465ee728b)
Start importing Assets/polyperfect/Low Poly Ultimate Pack/M/- Prefabs_M/Beach_M/scuba-mask.prefab using Guid(b2b91ecb793505940b70a393f3241196) Importer(815301076,1909f56bfc062723c751e8b465ee728b)  -> (artifact id: 'db882ee8af2b7eec718ecd87f5fbb585') in 0.004735 seconds
Number of updated asset objects reloaded before import = 0
Number of asset objects unloaded after import = 12
========================================================================
Received Import Request.
  Time since last request: 0.000010 seconds.
  path: Assets/polyperfect/Low Poly Ultimate Pack/M/- Prefabs_M/Beach_M/mat-inflatable-b.prefab
  artifactKey: Guid(302a8e02d5cb433448db8cc95af7bdc2) Importer(815301076,1909f56bfc062723c751e8b465ee728b)
Start importing Assets/polyperfect/Low Poly Ultimate Pack/M/- Prefabs_M/Beach_M/mat-inflatable-b.prefab using Guid(302a8e02d5cb433448db8cc95af7bdc2) Importer(815301076,1909f56bfc062723c751e8b465ee728b)  -> (artifact id: '16e16966d596e34d4906a891a8550121') in 0.004629 seconds
Number of updated asset objects reloaded before import = 0
Number of asset objects unloaded after import = 12
========================================================================
Received Import Request.
  Time since last request: 1.920611 seconds.
  path: Assets/polyperfect/Low Poly Ultimate Pack/M/- Prefabs_M/Construction_M/brick-holes-stack.prefab
  artifactKey: Guid(6b09443ee68910f429367cde48b19cff) Importer(815301076,1909f56bfc062723c751e8b465ee728b)
Start importing Assets/polyperfect/Low Poly Ultimate Pack/M/- Prefabs_M/Construction_M/brick-holes-stack.prefab using Guid(6b09443ee68910f429367cde48b19cff) Importer(815301076,1909f56bfc062723c751e8b465ee728b)  -> (artifact id: '51c2e9ceb5470de7805d4a53c94f0411') in 0.005454 seconds
Number of updated asset objects reloaded before import = 0
Number of asset objects unloaded after import = 12
========================================================================
Received Import Request.
  Time since last request: 0.000014 seconds.
  path: Assets/polyperfect/Low Poly Ultimate Pack/M/- Prefabs_M/Construction_M/can-paint.prefab
  artifactKey: Guid(8ebaa63df91b1e94b9575afbc9191e28) Importer(815301076,1909f56bfc062723c751e8b465ee728b)
Start importing Assets/polyperfect/Low Poly Ultimate Pack/M/- Prefabs_M/Construction_M/can-paint.prefab using Guid(8ebaa63df91b1e94b9575afbc9191e28) Importer(815301076,1909f56bfc062723c751e8b465ee728b)  -> (artifact id: '7b9bde18f288856388dcc3b3cf00e287') in 0.004299 seconds
Number of updated asset objects reloaded before import = 0
Number of asset objects unloaded after import = 12
========================================================================
Received Import Request.
  Time since last request: 0.000015 seconds.
  path: Assets/polyperfect/Low Poly Ultimate Pack/M/- Prefabs_M/Construction_M/can-paint-open.prefab
  artifactKey: Guid(41474e1c73f97c542b4f30f3545bab2f) Importer(815301076,1909f56bfc062723c751e8b465ee728b)
Start importing Assets/polyperfect/Low Poly Ultimate Pack/M/- Prefabs_M/Construction_M/can-paint-open.prefab using Guid(41474e1c73f97c542b4f30f3545bab2f) Importer(815301076,1909f56bfc062723c751e8b465ee728b)  -> (artifact id: '073133979de654dc93b87eee55c3c869') in 0.003760 seconds
Number of updated asset objects reloaded before import = 0
Number of asset objects unloaded after import = 12
========================================================================
Received Import Request.
  Time since last request: 0.000010 seconds.
  path: Assets/polyperfect/Low Poly Ultimate Pack/M/- Prefabs_M/Construction_M/concrete-ring-upper.prefab
  artifactKey: Guid(21050ebe176923345880148452845440) Importer(815301076,1909f56bfc062723c751e8b465ee728b)
Start importing Assets/polyperfect/Low Poly Ultimate Pack/M/- Prefabs_M/Construction_M/concrete-ring-upper.prefab using Guid(21050ebe176923345880148452845440) Importer(815301076,1909f56bfc062723c751e8b465ee728b)  -> (artifact id: 'd070d1ead45e84b6665aaf382c01fcc2') in 0.003440 seconds
Number of updated asset objects reloaded before import = 0
Number of asset objects unloaded after import = 10
========================================================================
Received Import Request.
  Time since last request: 0.000010 seconds.
  path: Assets/polyperfect/Low Poly Ultimate Pack/M/- Prefabs_M/Construction_M/concrete-ring-upper-stack.prefab
  artifactKey: Guid(9cd7802cbe3025d48a4e235cc85b428d) Importer(815301076,1909f56bfc062723c751e8b465ee728b)
Start importing Assets/polyperfect/Low Poly Ultimate Pack/M/- Prefabs_M/Construction_M/concrete-ring-upper-stack.prefab using Guid(9cd7802cbe3025d48a4e235cc85b428d) Importer(815301076,1909f56bfc062723c751e8b465ee728b)  -> (artifact id: 'c236c4aad963ecd1945493a5e753c47c') in 0.004113 seconds
Number of updated asset objects reloaded before import = 0
Number of asset objects unloaded after import = 10
========================================================================
Received Import Request.
  Time since last request: 0.000011 seconds.
  path: Assets/polyperfect/Low Poly Ultimate Pack/M/- Prefabs_M/Construction_M/ladder-modern.prefab
  artifactKey: Guid(851d0440740c9ed4ca1f6d9ee27db074) Importer(815301076,1909f56bfc062723c751e8b465ee728b)
Start importing Assets/polyperfect/Low Poly Ultimate Pack/M/- Prefabs_M/Construction_M/ladder-modern.prefab using Guid(851d0440740c9ed4ca1f6d9ee27db074) Importer(815301076,1909f56bfc062723c751e8b465ee728b)  -> (artifact id: '4d79fa931765dd4c0712a711372a5d2c') in 0.004418 seconds
Number of updated asset objects reloaded before import = 0
Number of asset objects unloaded after import = 18
========================================================================
Received Import Request.
  Time since last request: 0.000016 seconds.
  path: Assets/polyperfect/Low Poly Ultimate Pack/M/- Prefabs_M/Construction_M/pipe-roll.prefab
  artifactKey: Guid(e9e3fba9ac6e11b4eb60a9fa4195be97) Importer(815301076,1909f56bfc062723c751e8b465ee728b)
Start importing Assets/polyperfect/Low Poly Ultimate Pack/M/- Prefabs_M/Construction_M/pipe-roll.prefab using Guid(e9e3fba9ac6e11b4eb60a9fa4195be97) Importer(815301076,1909f56bfc062723c751e8b465ee728b)  -> (artifact id: '16e3f3aacf9c517a0b0a7d15e5d8e3a9') in 0.003280 seconds
Number of updated asset objects reloaded before import = 0
Number of asset objects unloaded after import = 10
========================================================================
Received Import Request.
  Time since last request: 0.000008 seconds.
  path: Assets/polyperfect/Low Poly Ultimate Pack/M/- Prefabs_M/Construction_M/scaffolding-covered.prefab
  artifactKey: Guid(327a270fcf02d0043abbaacfe6575d7e) Importer(815301076,1909f56bfc062723c751e8b465ee728b)
Start importing Assets/polyperfect/Low Poly Ultimate Pack/M/- Prefabs_M/Construction_M/scaffolding-covered.prefab using Guid(327a270fcf02d0043abbaacfe6575d7e) Importer(815301076,1909f56bfc062723c751e8b465ee728b)  -> (artifact id: 'f6eb0d391df80794e1dbe427ff473cbe') in 0.003499 seconds
Number of updated asset objects reloaded before import = 0
Number of asset objects unloaded after import = 10
========================================================================
Received Import Request.
  Time since last request: 0.000016 seconds.
  path: Assets/polyperfect/Low Poly Ultimate Pack/M/- Prefabs_M/Construction_M/scaffolding-floor-end.prefab
  artifactKey: Guid(5b6097ded9b121b4d9fa0e055719d988) Importer(815301076,1909f56bfc062723c751e8b465ee728b)
Start importing Assets/polyperfect/Low Poly Ultimate Pack/M/- Prefabs_M/Construction_M/scaffolding-floor-end.prefab using Guid(5b6097ded9b121b4d9fa0e055719d988) Importer(815301076,1909f56bfc062723c751e8b465ee728b)  -> (artifact id: '5b4320f3914cf85ac2aa0b3ed5b23a5a') in 0.003458 seconds
Number of updated asset objects reloaded before import = 0
Number of asset objects unloaded after import = 9
========================================================================
Received Import Request.
  Time since last request: 0.000008 seconds.
  path: Assets/polyperfect/Low Poly Ultimate Pack/M/- Prefabs_M/Construction_M/scaffolding.prefab
  artifactKey: Guid(e7fcfda6d1efd9c4090882bb73252e3e) Importer(815301076,1909f56bfc062723c751e8b465ee728b)
Start importing Assets/polyperfect/Low Poly Ultimate Pack/M/- Prefabs_M/Construction_M/scaffolding.prefab using Guid(e7fcfda6d1efd9c4090882bb73252e3e) Importer(815301076,1909f56bfc062723c751e8b465ee728b)  -> (artifact id: '486042ca9830cf3740daa3647acfa944') in 0.003109 seconds
Number of updated asset objects reloaded before import = 0
Number of asset objects unloaded after import = 9
========================================================================
Received Import Request.
  Time since last request: 0.000008 seconds.
  path: Assets/polyperfect/Low Poly Ultimate Pack/M/- Prefabs_M/Construction_M/steel-prop-stack.prefab
  artifactKey: Guid(76064a4ea58a2744187e1c29ee2e1036) Importer(815301076,1909f56bfc062723c751e8b465ee728b)
Start importing Assets/polyperfect/Low Poly Ultimate Pack/M/- Prefabs_M/Construction_M/steel-prop-stack.prefab using Guid(76064a4ea58a2744187e1c29ee2e1036) Importer(815301076,1909f56bfc062723c751e8b465ee728b)  -> (artifact id: '6cbb7316924cb40d26589070603cadd8') in 0.003562 seconds
Number of updated asset objects reloaded before import = 0
Number of asset objects unloaded after import = 10
========================================================================
Received Import Request.
  Time since last request: 0.000010 seconds.
  path: Assets/polyperfect/Low Poly Ultimate Pack/M/- Prefabs_M/Construction_M/planks-stack-unpacked.prefab
  artifactKey: Guid(97bfa3ab69de3fd49bfad60f6846bf8f) Importer(815301076,1909f56bfc062723c751e8b465ee728b)
Start importing Assets/polyperfect/Low Poly Ultimate Pack/M/- Prefabs_M/Construction_M/planks-stack-unpacked.prefab using Guid(97bfa3ab69de3fd49bfad60f6846bf8f) Importer(815301076,1909f56bfc062723c751e8b465ee728b)  -> (artifact id: '17fdafdcc39edf5182fdd89c6498297e') in 0.005964 seconds
Number of updated asset objects reloaded before import = 0
Number of asset objects unloaded after import = 11
========================================================================
Received Import Request.
  Time since last request: 1.780312 seconds.
  path: Assets/polyperfect/Low Poly Ultimate Pack/M/- Prefabs_M/Egypt_M/egypt-bowl-spice.prefab
  artifactKey: Guid(909df28d147858440b585edbfb15bb76) Importer(815301076,1909f56bfc062723c751e8b465ee728b)
Start importing Assets/polyperfect/Low Poly Ultimate Pack/M/- Prefabs_M/Egypt_M/egypt-bowl-spice.prefab using Guid(909df28d147858440b585edbfb15bb76) Importer(815301076,1909f56bfc062723c751e8b465ee728b)  -> (artifact id: 'b4ef10f0692ef73c42885b328fb72f09') in 0.004222 seconds
Number of updated asset objects reloaded before import = 0
Number of asset objects unloaded after import = 10
========================================================================
Received Import Request.
  Time since last request: 0.000009 seconds.
  path: Assets/polyperfect/Low Poly Ultimate Pack/M/- Prefabs_M/Egypt_M/egypt-market-table.prefab
  artifactKey: Guid(274e65918d1c27744857ef5b2b66a7c7) Importer(815301076,1909f56bfc062723c751e8b465ee728b)
Start importing Assets/polyperfect/Low Poly Ultimate Pack/M/- Prefabs_M/Egypt_M/egypt-market-table.prefab using Guid(274e65918d1c27744857ef5b2b66a7c7) Importer(815301076,1909f56bfc062723c751e8b465ee728b)  -> (artifact id: '56fd68593ccf1210c76d74321a01286b') in 0.003539 seconds
Number of updated asset objects reloaded before import = 0
Number of asset objects unloaded after import = 9
========================================================================
Received Import Request.
  Time since last request: 0.000009 seconds.
  path: Assets/polyperfect/Low Poly Ultimate Pack/M/- Prefabs_M/Egypt_M/egypt-papyrus-rolled.prefab
  artifactKey: Guid(c811a9fa86ed61d48aedc5ff327f47a6) Importer(815301076,1909f56bfc062723c751e8b465ee728b)
Start importing Assets/polyperfect/Low Poly Ultimate Pack/M/- Prefabs_M/Egypt_M/egypt-papyrus-rolled.prefab using Guid(c811a9fa86ed61d48aedc5ff327f47a6) Importer(815301076,1909f56bfc062723c751e8b465ee728b)  -> (artifact id: '0c5ad0ff549b922ec7c79d34b6bc4e23') in 0.003527 seconds
Number of updated asset objects reloaded before import = 0
Number of asset objects unloaded after import = 10
========================================================================
Received Import Request.
  Time since last request: 0.000008 seconds.
  path: Assets/polyperfect/Low Poly Ultimate Pack/M/- Prefabs_M/Egypt_M/egypt-obelisk-old-broken.prefab
  artifactKey: Guid(ed4ce7d659f1fc44d90137a977538afd) Importer(815301076,1909f56bfc062723c751e8b465ee728b)
Start importing Assets/polyperfect/Low Poly Ultimate Pack/M/- Prefabs_M/Egypt_M/egypt-obelisk-old-broken.prefab using Guid(ed4ce7d659f1fc44d90137a977538afd) Importer(815301076,1909f56bfc062723c751e8b465ee728b)  -> (artifact id: '665762ad1cc3526face77cff39aab4a6') in 0.003608 seconds
Number of updated asset objects reloaded before import = 0
Number of asset objects unloaded after import = 9
========================================================================
Received Import Request.
  Time since last request: 0.000008 seconds.
  path: Assets/polyperfect/Low Poly Ultimate Pack/M/- Prefabs_M/Egypt_M/egypt-rack.prefab
  artifactKey: Guid(860058b6476a0f247a228c5528bf02c7) Importer(815301076,1909f56bfc062723c751e8b465ee728b)
Start importing Assets/polyperfect/Low Poly Ultimate Pack/M/- Prefabs_M/Egypt_M/egypt-rack.prefab using Guid(860058b6476a0f247a228c5528bf02c7) Importer(815301076,1909f56bfc062723c751e8b465ee728b)  -> (artifact id: '68b6babd6a930e9a7e991c805005d54d') in 0.004026 seconds
Number of updated asset objects reloaded before import = 0
Number of asset objects unloaded after import = 11
========================================================================
Received Import Request.
  Time since last request: 0.000011 seconds.
  path: Assets/polyperfect/Low Poly Ultimate Pack/M/- Prefabs_M/Egypt_M/house-egypt-big.prefab
  artifactKey: Guid(10477b023d9efdd4faccfd25a9ac39c4) Importer(815301076,1909f56bfc062723c751e8b465ee728b)
Start importing Assets/polyperfect/Low Poly Ultimate Pack/M/- Prefabs_M/Egypt_M/house-egypt-big.prefab using Guid(10477b023d9efdd4faccfd25a9ac39c4) Importer(815301076,1909f56bfc062723c751e8b465ee728b)  -> (artifact id: '2193db820348c7f3951ee2481263e8d2') in 0.004180 seconds
Number of updated asset objects reloaded before import = 0
Number of asset objects unloaded after import = 12
========================================================================
Received Import Request.
  Time since last request: 0.000009 seconds.
  path: Assets/polyperfect/Low Poly Ultimate Pack/M/- Prefabs_M/Egypt_M/house-egypt-small.prefab
  artifactKey: Guid(d85461e1e5028fb498b33e201a1cf7b6) Importer(815301076,1909f56bfc062723c751e8b465ee728b)
Start importing Assets/polyperfect/Low Poly Ultimate Pack/M/- Prefabs_M/Egypt_M/house-egypt-small.prefab using Guid(d85461e1e5028fb498b33e201a1cf7b6) Importer(815301076,1909f56bfc062723c751e8b465ee728b)  -> (artifact id: '904115112dd3be61f0f110313c1f5759') in 0.003861 seconds
Number of updated asset objects reloaded before import = 0
Number of asset objects unloaded after import = 12
Editor requested this worker to shutdown with reason: Scaling down because of idle timeout
TcpMessagingSession - receive error: operation aborted. errorcode: 125, details: Operation aborted.
AssetImportWorker is now disconnected from the server
Process exiting
Thread: ID 140633185022912, CleanupSafetyData: safetyData 7fe73017b4a0
Thread: ID 140633185022912, CleanupSafetyData: safetyData 7fe7301786b0
Thread: ID 140633185022912, CleanupSafetyData: safetyData 7fe730b9ea80
Assertion failed on expression: 'm_PodArrays.empty()'
Checking for leaked weakptr:
  Found no leaked weakptrs.
All object instances wasn't destroyed before shutting down
Assertion failed on expression: 'm_MemoryFSRefCount == 0'
Memory Statistics:
[ALLOC_TEMP_TLS] TLS Allocator
  StackAllocators : 
    [ALLOC_TEMP_Loading.PreloadManager]
      Peak usage frame count: [0-1.0 KB]: 1 frames
      Initial Block Size 32.0 MB
      Current Block Size 32.0 MB
      Peak Allocated Bytes 0 B
      Overflow Count 0
    [ALLOC_TEMP_BakingJobs.worker 11]
      Initial Block Size 256.0 KB
      Current Block Size 256.0 KB
      Peak Allocated Bytes 0 B
      Overflow Count 0
    [ALLOC_TEMP_BakingJobs.worker 10]
      Initial Block Size 256.0 KB
      Current Block Size 256.0 KB
      Peak Allocated Bytes 0 B
      Overflow Count 0
    [ALLOC_TEMP_BakingJobs.worker 9]
      Initial Block Size 256.0 KB
      Current Block Size 256.0 KB
      Peak Allocated Bytes 0 B
      Overflow Count 0
    [ALLOC_TEMP_BakingJobs.worker 8]
      Initial Block Size 256.0 KB
      Current Block Size 256.0 KB
      Peak Allocated Bytes 0 B
      Overflow Count 0
    [ALLOC_TEMP_BakingJobs.worker 7]
      Initial Block Size 256.0 KB
      Current Block Size 256.0 KB
      Peak Allocated Bytes 0 B
      Overflow Count 0
    [ALLOC_TEMP_BakingJobs.worker 6]
      Initial Block Size 256.0 KB
      Current Block Size 256.0 KB
      Peak Allocated Bytes 0 B
      Overflow Count 0
    [ALLOC_TEMP_BakingJobs.worker 5]
      Initial Block Size 256.0 KB
      Current Block Size 256.0 KB
      Peak Allocated Bytes 0 B
      Overflow Count 0
    [ALLOC_TEMP_BakingJobs.worker 4]
      Initial Block Size 256.0 KB
      Current Block Size 256.0 KB
      Peak Allocated Bytes 0 B
      Overflow Count 0
    [ALLOC_TEMP_BakingJobs.worker 3]
      Initial Block Size 256.0 KB
      Current Block Size 256.0 KB
      Peak Allocated Bytes 0 B
      Overflow Count 0
    [ALLOC_TEMP_BakingJobs.worker 2]
      Initial Block Size 256.0 KB
      Current Block Size 256.0 KB
      Peak Allocated Bytes 0 B
      Overflow Count 0
    [ALLOC_TEMP_BakingJobs.worker 1]
      Initial Block Size 256.0 KB
      Current Block Size 256.0 KB
      Peak Allocated Bytes 0 B
      Overflow Count 0
    [ALLOC_TEMP_BakingJobs.worker 0]
      Initial Block Size 256.0 KB
      Current Block Size 256.0 KB
      Peak Allocated Bytes 0 B
      Overflow Count 0
    [ALLOC_TEMP_AUDIO_FMOD stream thread]
      Initial Block Size 64.0 KB
      Current Block Size 64.0 KB
      Peak Allocated Bytes 0 B
      Overflow Count 0
    [ALLOC_TEMP_AssetDatabase.FileHasherHasher]
      Initial Block Size 64.0 KB
      Current Block Size 64.0 KB
      Peak Allocated Bytes 31 B
      Overflow Count 0
    [ALLOC_TEMP_AssetDatabase.FileHasherReader]
      Initial Block Size 64.0 KB
      Current Block Size 64.0 KB
      Peak Allocated Bytes 31 B
      Overflow Count 0
    [ALLOC_TEMP_AssetDatabase.FileHasherHasher]
      Initial Block Size 64.0 KB
      Current Block Size 64.0 KB
      Peak Allocated Bytes 31 B
      Overflow Count 0
    [ALLOC_TEMP_AssetDatabase.FileHasherReader]
      Initial Block Size 64.0 KB
      Current Block Size 64.0 KB
      Peak Allocated Bytes 31 B
      Overflow Count 0
    [ALLOC_TEMP_AssetDatabase.FileHasherHasher]
      Initial Block Size 64.0 KB
      Current Block Size 64.0 KB
      Peak Allocated Bytes 31 B
      Overflow Count 0
    [ALLOC_TEMP_AssetDatabase.FileHasherReader]
      Initial Block Size 64.0 KB
      Current Block Size 64.0 KB
      Peak Allocated Bytes 31 B
      Overflow Count 0
    [ALLOC_TEMP_AssetDatabase.FileHasherHasher]
      Initial Block Size 64.0 KB
      Current Block Size 64.0 KB
      Peak Allocated Bytes 31 B
      Overflow Count 0
    [ALLOC_TEMP_AssetDatabase.FileHasherReader]
      Initial Block Size 64.0 KB
      Current Block Size 64.0 KB
      Peak Allocated Bytes 31 B
      Overflow Count 0
    [ALLOC_TEMP_Loading.AsyncRead]
      Initial Block Size 64.0 KB
      Current Block Size 64.0 KB
      Peak Allocated Bytes 0 B
      Overflow Count 0
    [ALLOC_TEMP_BatchDeleteObjects]
      Initial Block Size 64.0 KB
      Current Block Size 64.0 KB
      Peak Allocated Bytes 0 B
      Overflow Count 0
    [ALLOC_TEMP_Background Job.worker 15]
      Initial Block Size 32.0 KB
      Current Block Size 32.0 KB
      Peak Allocated Bytes 0 B
      Overflow Count 0
    [ALLOC_TEMP_Background Job.worker 14]
      Initial Block Size 32.0 KB
      Current Block Size 32.0 KB
      Peak Allocated Bytes 0 B
      Overflow Count 0
    [ALLOC_TEMP_Background Job.worker 13]
      Initial Block Size 32.0 KB
      Current Block Size 32.0 KB
      Peak Allocated Bytes 0 B
      Overflow Count 0
    [ALLOC_TEMP_Background Job.worker 12]
      Initial Block Size 32.0 KB
      Current Block Size 32.0 KB
      Peak Allocated Bytes 0 B
      Overflow Count 0
    [ALLOC_TEMP_Background Job.worker 11]
      Initial Block Size 32.0 KB
      Current Block Size 32.0 KB
      Peak Allocated Bytes 0 B
      Overflow Count 0
    [ALLOC_TEMP_Background Job.worker 10]
      Initial Block Size 32.0 KB
      Current Block Size 32.0 KB
      Peak Allocated Bytes 0 B
      Overflow Count 0
    [ALLOC_TEMP_Background Job.worker 9]
      Initial Block Size 32.0 KB
      Current Block Size 32.0 KB
      Peak Allocated Bytes 0 B
      Overflow Count 0
    [ALLOC_TEMP_Background Job.worker 8]
      Initial Block Size 32.0 KB
      Current Block Size 32.0 KB
      Peak Allocated Bytes 0 B
      Overflow Count 0
    [ALLOC_TEMP_Background Job.worker 7]
      Initial Block Size 32.0 KB
      Current Block Size 32.0 KB
      Peak Allocated Bytes 0 B
      Overflow Count 0
    [ALLOC_TEMP_Background Job.worker 6]
      Initial Block Size 32.0 KB
      Current Block Size 32.0 KB
      Peak Allocated Bytes 0 B
      Overflow Count 0
    [ALLOC_TEMP_Background Job.worker 5]
      Initial Block Size 32.0 KB
      Current Block Size 32.0 KB
      Peak Allocated Bytes 0 B
      Overflow Count 0
    [ALLOC_TEMP_Background Job.worker 4]
      Initial Block Size 32.0 KB
      Current Block Size 32.0 KB
      Peak Allocated Bytes 0 B
      Overflow Count 0
    [ALLOC_TEMP_Background Job.worker 3]
      Initial Block Size 32.0 KB
      Current Block Size 32.0 KB
      Peak Allocated Bytes 0 B
      Overflow Count 0
    [ALLOC_TEMP_Background Job.worker 2]
      Initial Block Size 32.0 KB
      Current Block Size 32.0 KB
      Peak Allocated Bytes 0 B
      Overflow Count 0
    [ALLOC_TEMP_Background Job.worker 1]
      Initial Block Size 32.0 KB
      Current Block Size 140.0 KB
      Peak Allocated Bytes 65.0 KB
      Overflow Count 0
    [ALLOC_TEMP_Background Job.worker 0]
      Initial Block Size 32.0 KB
      Current Block Size 32.0 KB
      Peak Allocated Bytes 0 B
      Overflow Count 0
    [ALLOC_TEMP_Job.worker 10]
      Initial Block Size 256.0 KB
      Current Block Size 256.0 KB
      Peak Allocated Bytes 0 B
      Overflow Count 0
    [ALLOC_TEMP_Job.worker 9]
      Initial Block Size 256.0 KB
      Current Block Size 256.0 KB
      Peak Allocated Bytes 0 B
      Overflow Count 0
    [ALLOC_TEMP_Job.worker 8]
      Initial Block Size 256.0 KB
      Current Block Size 256.0 KB
      Peak Allocated Bytes 0 B
      Overflow Count 0
    [ALLOC_TEMP_Job.worker 7]
      Initial Block Size 256.0 KB
      Current Block Size 256.0 KB
      Peak Allocated Bytes 0 B
      Overflow Count 0
    [ALLOC_TEMP_Job.worker 6]
      Initial Block Size 256.0 KB
      Current Block Size 256.0 KB
      Peak Allocated Bytes 0 B
      Overflow Count 0
    [ALLOC_TEMP_Job.worker 5]
      Initial Block Size 256.0 KB
      Current Block Size 256.0 KB
      Peak Allocated Bytes 0 B
      Overflow Count 0
    [ALLOC_TEMP_Job.worker 4]
      Initial Block Size 256.0 KB
      Current Block Size 256.0 KB
      Peak Allocated Bytes 0 B
      Overflow Count 0
    [ALLOC_TEMP_Job.worker 3]
      Initial Block Size 256.0 KB
      Current Block Size 256.0 KB
      Peak Allocated Bytes 0 B
      Overflow Count 0
    [ALLOC_TEMP_Job.worker 2]
      Initial Block Size 256.0 KB
      Current Block Size 256.0 KB
      Peak Allocated Bytes 0 B
      Overflow Count 0
    [ALLOC_TEMP_Job.worker 1]
      Initial Block Size 256.0 KB
      Current Block Size 256.0 KB
      Peak Allocated Bytes 0.6 KB
      Overflow Count 0
    [ALLOC_TEMP_Job.worker 0]
      Initial Block Size 256.0 KB
      Current Block Size 256.0 KB
      Peak Allocated Bytes 0 B
      Overflow Count 0
    [ALLOC_TEMP_MAIN]
      Peak usage frame count: [1.0 MB-2.0 MB]: 37 frames, [8.0 MB-16.0 MB]: 1 frames
      Initial Block Size 16.0 MB
      Current Block Size 16.0 MB
      Peak Allocated Bytes 9.3 MB
      Overflow Count 0
    [ALLOC_TEMP_CoreBusinessMetricsCache]
      Initial Block Size 64.0 KB
      Current Block Size 64.0 KB
      Peak Allocated Bytes 0 B
      Overflow Count 0
    [ALLOC_TEMP_AssetDatabase.IOService]
      Initial Block Size 64.0 KB
      Current Block Size 64.0 KB
      Peak Allocated Bytes 32.6 KB
      Overflow Count 0
    [ALLOC_TEMP_Profiler.Dispatcher]
      Initial Block Size 64.0 KB
      Current Block Size 64.0 KB
      Peak Allocated Bytes 0 B
      Overflow Count 0
    [ALLOC_TEMP_AssetGarbageCollectorHelper] x 11
      Initial Block Size 64.0 KB
      Current Block Size 64.0 KB
      Peak Allocated Bytes 0 B
      Overflow Count 0
[ALLOC_MEMORYPROFILER]
  Peak usage frame count: [128.0 KB-256.0 KB]: 37 frames, [256.0 KB-0.5 MB]: 1 frames
  Requested Block Size 1.0 MB
  Peak Block count 1
  Peak Allocated memory 431.3 KB
  Peak Large allocation bytes 0 B
[ALLOC_DEFAULT] Dual Thread Allocator
  Peak main deferred allocation count 130
    [ALLOC_BUCKET]
      Large Block size 32.0 MB
      Used Block count 1
      Peak Allocated bytes 6.7 MB
    [ALLOC_DEFAULT_MAIN]
      Peak usage frame count: [32.0 MB-64.0 MB]: 36 frames, [64.0 MB-128.0 MB]: 2 frames
      Requested Block Size 16.0 MB
      Peak Block count 5
      Peak Allocated memory 70.1 MB
      Peak Large allocation bytes 0 B
    [ALLOC_DEFAULT_THREAD]
      Peak usage frame count: [4.0 MB-8.0 MB]: 38 frames
      Requested Block Size 16.0 MB
      Peak Block count 1
      Peak Allocated memory 4.6 MB
      Peak Large allocation bytes 0 B
[ALLOC_TEMP_JOB_1_FRAME]
  Initial Block Size 2.0 MB
  Used Block Count 0
  Overflow Count (too large) 0
  Overflow Count (full) 0
[ALLOC_TEMP_JOB_2_FRAMES]
  Initial Block Size 2.0 MB
  Used Block Count 0
  Overflow Count (too large) 0
  Overflow Count (full) 0
[ALLOC_TEMP_JOB_4_FRAMES (JobTemp)]
  Initial Block Size 2.0 MB
  Used Block Count 1
  Overflow Count (too large) 0
  Overflow Count (full) 0
[ALLOC_TEMP_JOB_ASYNC (Background)]
  Initial Block Size 1.0 MB
  Used Block Count 1
  Overflow Count (too large) 0
  Overflow Count (full) 0
[ALLOC_GFX] Dual Thread Allocator
  Peak main deferred allocation count 0
    [ALLOC_BUCKET]
      Large Block size 32.0 MB
      Used Block count 1
      Peak Allocated bytes 6.7 MB
    [ALLOC_GFX_MAIN]
      Peak usage frame count: [128.0 KB-256.0 KB]: 27 frames, [256.0 KB-0.5 MB]: 8 frames, [0.5 MB-1.0 MB]: 3 frames
      Requested Block Size 16.0 MB
      Peak Block count 1
      Peak Allocated memory 0.9 MB
      Peak Large allocation bytes 0 B
    [ALLOC_GFX_THREAD]
      Peak usage frame count: [0-1.0 KB]: 38 frames
      Requested Block Size 16.0 MB
      Peak Block count 0
      Peak Allocated memory 0 B
      Peak Large allocation bytes 0 B
[ALLOC_CACHEOBJECTS] Dual Thread Allocator
  Peak main deferred allocation count 11686
    [ALLOC_BUCKET]
      Large Block size 32.0 MB
      Used Block count 1
      Peak Allocated bytes 6.7 MB
    [ALLOC_CACHEOBJECTS_MAIN]
      Peak usage frame count: [4.0 MB-8.0 MB]: 37 frames, [64.0 MB-128.0 MB]: 1 frames
      Requested Block Size 4.0 MB
      Peak Block count 14
      Peak Allocated memory 67.9 MB
      Peak Large allocation bytes 14.5 MB
    [ALLOC_CACHEOBJECTS_THREAD]
      Peak usage frame count: [0-1.0 KB]: 38 frames
      Requested Block Size 4.0 MB
      Peak Block count 0
      Peak Allocated memory 0 B
      Peak Large allocation bytes 0 B
[ALLOC_TYPETREE] Dual Thread Allocator
  Peak main deferred allocation count 18451
    [ALLOC_BUCKET]
      Large Block size 32.0 MB
      Used Block count 1
      Peak Allocated bytes 6.7 MB
    [ALLOC_TYPETREE_MAIN]
      Peak usage frame count: [0.5 MB-1.0 MB]: 36 frames, [1.0 MB-2.0 MB]: 1 frames, [16.0 MB-32.0 MB]: 1 frames
      Requested Block Size 2.0 MB
      Peak Block count 10
      Peak Allocated memory 17.5 MB
      Peak Large allocation bytes 0 B
    [ALLOC_TYPETREE_THREAD]
      Peak usage frame count: [0-1.0 KB]: 38 frames
      Requested Block Size 2.0 MB
      Peak Block count 0
      Peak Allocated memory 0 B
      Peak Large allocation bytes 0 B
[ALLOC_PROFILER]
  Peak usage frame count: [32.0 KB-64.0 KB]: 37 frames, [64.0 KB-128.0 KB]: 1 frames
  Requested Block Size 16.0 MB
  Peak Block count 1
  Peak Allocated memory 70.5 KB
  Peak Large allocation bytes 0 B
    [ALLOC_PROFILER_BUCKET]
      Large Block size 32.0 MB
      Used Block count 1
      Peak Allocated bytes 2.6 KB
[ALLOC_PROFILER_EDITOR]
  Peak usage frame count: [0-1.0 KB]: 38 frames
  Requested Block Size 1.0 MB
  Peak Block count 0
  Peak Allocated memory 0 B
  Peak Large allocation bytes 0 B
    [ALLOC_PROFILER_BUCKET]
      Large Block size 32.0 MB
      Used Block count 1
      Peak Allocated bytes 2.6 KB
##utp:{"type":"MemoryLeaks","version":2,"phase":"Immediate","time":1710143936851,"processId":78551,"allocatedMemory":62819506,"memoryLabels":[{"Default":133681},{"Permanent":18346},{"Thread":1087016},{"Manager":2386341},{"VertexData":396},{"Geometry":408},{"Particles":17888},{"VFX":44},{"Texture":107217},{"Shader":868189},{"Material":7944},{"GfxDevice":233744},{"Animation":15054},{"Audio":13660},{"FMODOther":2090294},{"Font":1792},{"FontEngine":336},{"Physics":272157},{"Physics2D":153296},{"Serialization":7215710},{"Input":59520},{"JobScheduler":12818688},{"GarbageCollector":1049152},{"Mono":92},{"ScriptingNativeRuntime":191864},{"BaseObject":1837768},{"Resource":1300},{"Renderer":8792},{"Transform":48},{"File":11698},{"Network":3336},{"WebCam":40},{"Culling":48},{"Terrain":1073},{"TerrainPhysics":8},{"Wind":24},{"STL":721152},{"String":12314089},{"DynamicArray":4723723},{"HashMap":1407645},{"Utility":4759942},{"PoolAlloc":1496},{"AI":59720},{"TypeTree":4549},{"ScriptManager":815487},{"MonoScriptCache":385792},{"RuntimeInitializeOnLoadManager":80},{"AncestorCache":40},{"SpriteAtlas":128},{"GI":16472},{"Director":7928},{"WebRequest":720},{"VR":46017},{"SceneManager":600},{"Video":256},{"LazyScriptCache":40},{"ManagedAttributeManager":1},{"TextureStreaming":1416},{"NativeArray":839},{"ScreenCapture":8},{"Camera":25},{"Secure":1},{"CrashReporter":1040},{"SerializationCache":1576},{"APIUpdating":11856},{"Subsystems":392},{"VirtualTexturing":59720},{"StaticSafetyDebugInfo":327680},{"EditorGui":4728292},{"EditorUtility":43042},{"VersionControl":4},{"Undo":736},{"AssetDatabase":1403279},{"AssetImporter":283843},{"RestService":2880},{"EditorGi":24624},{"ProgressiveLightmapper":11304},{"License":3144},{"UnityConnect":25496},{"Collab":25},{"Upm":1272},{"DrivenProperties":96},{"LocalIPC":120},{"ProfilerEditor":10999},{"CoreBusinessMetrics":2876},{"AssetReference":40},{"IPCStream":40}]}
